[Licensing::Module] Trying to connect to existing licensing client channel...
Built from '6000.3/staging' branch; Version is '6000.3.10f1 (e35f0c77bd8e) revision 14901004'; Using compiler version '194234433'; Build Type 'Release'
OS: 'Windows 11  (10.0.26200) Core' Language: 'es' Physical Memory: 16077 MB
BatchMode: 1, IsHumanControllingUs: 0, StartBugReporterOnCrash: 0, Is64bit: 1
System  architecture: x64
Process architecture: x64
Date: 2026-03-14T16:28:36Z
[Licensing::IpcConnector] Successfully connected to: "LicenseClient-Usuario" at "2026-03-14T16:28:36.903111Z"

COMMAND LINE ARGUMENTS:
C:\Program Files\Unity\Hub\Editor\6000.3.10f1\Editor\Unity.exe
-adb2
-batchMode
-noUpm
-name
AssetImportWorker9
-projectPath
C:/Users/Usuario/ProyectosUnity/ProyectoFInal
-logFile
Logs/AssetImportWorker9.log
-srvPort
64611
-licensingIpc
LicenseClient-Usuario
-job-worker-count
9
-background-job-worker-count
8
-gc-helper-count
1
-name
AssetImport
Successfully changed project path to: C:/Users/Usuario/ProyectosUnity/ProyectoFInal
C:/Users/Usuario/ProyectosUnity/ProyectoFInal
[UnityMemory] Configuration Parameters - Can be set up in boot.config
    "memorysetup-temp-allocator-size-nav-mesh-worker=65536"
    "memorysetup-temp-allocator-size-audio-worker=65536"
    "memorysetup-temp-allocator-size-gfx=262144"
    "memorysetup-allocator-temp-initial-block-size-main=262144"
    "memorysetup-allocator-temp-initial-block-size-worker=262144"
    "memorysetup-temp-allocator-size-background-worker=32768"
    "memorysetup-temp-allocator-size-job-worker=262144"
    "memorysetup-temp-allocator-size-preload-manager=33554432"
    "memorysetup-temp-allocator-size-gi-baking-worker=262144"
    "memorysetup-temp-allocator-size-gi-baking-worker=262144"
    "memorysetup-temp-allocator-size-gi-baking-worker=262144"
    "memorysetup-temp-allocator-size-gi-baking-worker=262144"
    "memorysetup-temp-allocator-size-gi-baking-worker=262144"
    "memorysetup-bucket-allocator-granularity=16"
    "memorysetup-bucket-allocator-bucket-count=8"
    "memorysetup-bucket-allocator-block-size=33554432"
    "memorysetup-bucket-allocator-block-count=8"
    "memorysetup-main-allocator-block-size=16777216"
    "memorysetup-thread-allocator-block-size=16777216"
    "memorysetup-gfx-main-allocator-block-size=16777216"
    "memorysetup-gfx-thread-allocator-block-size=16777216"
    "memorysetup-cache-allocator-block-size=4194304"
    "memorysetup-typetree-allocator-block-size=2097152"
    "memorysetup-profiler-bucket-allocator-granularity=16"
    "memorysetup-profiler-bucket-allocator-bucket-count=8"
    "memorysetup-profiler-bucket-allocator-block-size=33554432"
    "memorysetup-profiler-bucket-allocator-block-count=8"
    "memorysetup-profiler-allocator-block-size=16777216"
    "memorysetup-profiler-editor-allocator-block-size=1048576"
    "memorysetup-temp-allocator-size-main=16777216"
    "memorysetup-job-temp-allocator-block-size=2097152"
    "memorysetup-job-temp-allocator-block-size-background=1048576"
    "memorysetup-job-temp-allocator-reduction-small-platforms=262144"
    "memorysetup-temp-allocator-size-cloud-worker=32768"
Player connection [3780]  Target information:

Player connection [3780]  * "[IP] 26.2.185.209 [Port] 0 [Flags] 2 [Guid] 1983876858 [EditorId] 1983876858 [Version] 1048832 [Id] WindowsEditor(7,DESKTOP-H5B11SP) [Debug] 1 [PackageName] WindowsEditor [ProjectName] Editor" 

Player connection [3780]  * "[IP] 192.168.1.40 [Port] 0 [Flags] 2 [Guid] 1983876858 [EditorId] 1983876858 [Version] 1048832 [Id] WindowsEditor(7,DESKTOP-H5B11SP) [Debug] 1 [PackageName] WindowsEditor [ProjectName] Editor" 

Player connection [3780] Host joined multi-casting on [225.0.0.222:54997]...
Player connection [3780] Host joined alternative multi-casting on [225.0.0.222:34997]...
JobSystem: Creating JobQueue using job-worker-count value 9
Input System module state changed to: Initialized.
[Physics::Module] Initialized fallback backend.
[Physics::Module] Id: 0xdecafbad
Library Redirect Path: Library/
[Physics::Module] Selected backend.
[Physics::Module] Name: PhysX
[Physics::Module] Id: 0xf2b8ea05
[Physics::Module] SDK Version: 4.1.2
[Physics::Module] Integration Version: 1.0.0
[Physics::Module] Threading Mode: Multi-Threaded
Refreshing native plugins compatible for Editor in 3.43 ms, found 3 plugins.
Preloading 0 native plugins for Editor in 0.00 ms.
Initialize engine version: 6000.3.10f1 (e35f0c77bd8e)
[Subsystems] Discovering subsystems at path C:/Program Files/Unity/Hub/Editor/6000.3.10f1/Editor/Data/Resources/UnitySubsystems
[Subsystems] Discovering subsystems at path C:/Users/Usuario/ProyectosUnity/ProyectoFInal/Assets
GfxDevice: creating device client; kGfxThreadingModeNonThreaded
Direct3D:
    Version:  Direct3D 11.0 [level 11.1]
    Renderer: NVIDIA GeForce RTX 4050 Laptop GPU (ID=0x28a1)
    Vendor:   NVIDIA
    VRAM:     5920 MB
    Driver:   32.0.15.9559
Initialize mono
Mono path[0] = 'C:/Program Files/Unity/Hub/Editor/6000.3.10f1/Editor/Data/Managed'
Mono path[1] = 'C:/Program Files/Unity/Hub/Editor/6000.3.10f1/Editor/Data/MonoBleedingEdge/lib/mono/unityjit-win32'
Mono config path = 'C:/Program Files/Unity/Hub/Editor/6000.3.10f1/Editor/Data/MonoBleedingEdge/etc'
Using monoOptions --debugger-agent=transport=dt_socket,embedding=1,server=y,suspend=n,address=127.0.0.1:56008
Begin MonoManager ReloadAssembly
[Licensing::Client] Handshaking with LicensingClient:
  Version:                 1.17.4+4293ba1
  Session Id:              b49a11a4f8ac4b45a3f1db8a39c3c9d1
  Correlation Id:          2a92c86826a87a28631aad34d4bd3351
  External correlation Id: 8251948728427346423
  Machine Id:              xrbb/UebT4p5QAGp4sjS8aAJfSM=
[Licensing::Module] Successfully connected to LicensingClient on channel: "LicenseClient-Usuario" (connect: 0.02s, validation: 0.02s, handshake: 1.49s)
[Licensing::IpcConnector] Successfully connected to: "LicenseClient-Usuario-notifications" at "2026-03-14T16:28:38.4134106Z"
[Licensing::Module] Licensing Background thread has ended after 1.53s
Registering precompiled unity dll's ...
Register platform support module: C:/Program Files/Unity/Hub/Editor/6000.3.10f1/Editor/Data/PlaybackEngines/WindowsStandaloneSupport/UnityEditor.WindowsStandalone.Extensions.dll
Registered in 0.007612 seconds.
- Loaded All Assemblies, in  0.760 seconds
Native extension for WindowsStandalone target not found
ScheduleIndexationOnStartup MainProcess:False IndexOnStartup:True
Mono: successfully reloaded assembly
- Finished resetting the current domain, in  0.995 seconds
Domain Reload Profiling: 1740ms
	BeginReloadAssembly (339ms)
		ExecutionOrderSort (0ms)
		DisableScriptedObjects (0ms)
		BackupInstance (0ms)
		ReleaseScriptingObjects (0ms)
		CreateAndSetChildDomain (2ms)
	RebuildCommonClasses (52ms)
	RebuildNativeTypeToScriptingClass (15ms)
	initialDomainReloadingComplete (79ms)
	LoadAllAssembliesAndSetupDomain (259ms)
		LoadAssemblies (324ms)
		RebuildTransferFunctionScriptingTraits (0ms)
		AnalyzeDomain (254ms)
			TypeCache.Refresh (251ms)
				TypeCache.ScanAssembly (234ms)
			BuildScriptInfoCaches (0ms)
			ResolveRequiredComponents (1ms)
	FinalizeReload (996ms)
		ReleaseScriptCaches (0ms)
		RebuildScriptCaches (0ms)
		SetupLoadedEditorAssemblies (933ms)
			LogAssemblyErrors (0ms)
			InitializePlatformSupportModulesInManaged (352ms)
			SetLoadedEditorAssemblies (5ms)
			BeforeProcessingInitializeOnLoad (151ms)
			ProcessInitializeOnLoadAttributes (288ms)
			ProcessInitializeOnLoadMethodAttributes (137ms)
			AfterProcessingInitializeOnLoad (0ms)
			EditorAssembliesLoaded (0ms)
		ExecutionOrderSort2 (0ms)
		AwakeInstancesAfterBackupRestoration (0ms)
========================================================================
Worker process is ready to serve import requests
Import Worker Mode flag is 0x00
Begin MonoManager ReloadAssembly
[Licensing::Client] Successfully resolved entitlement details
[Licensing::Module] License group:
  Id: 1375107580762-UnityPersXXXX
  Product: Unity Personal
  Type: Assigned
  Expiration: Unlimited
- Loaded All Assemblies, in  1.184 seconds
Refreshing native plugins compatible for Editor in 1.35 ms, found 3 plugins.
Native extension for WindowsStandalone target not found
Package Manager log level set to [2]
[Package Manager] Failed to launch server process. Reason: Unity was launched with the -noUpm command-line argument
[Package Manager] Unable to send message (not connected to server process).
[Package Manager] Cannot connect to Unity Package Manager local server
ScheduleIndexationOnStartup MainProcess:False IndexOnStartup:True
Mono: successfully reloaded assembly
- Finished resetting the current domain, in  0.975 seconds
Domain Reload Profiling: 2132ms
	BeginReloadAssembly (337ms)
		ExecutionOrderSort (0ms)
		DisableScriptedObjects (11ms)
		BackupInstance (0ms)
		ReleaseScriptingObjects (0ms)
		CreateAndSetChildDomain (47ms)
	RebuildCommonClasses (61ms)
	RebuildNativeTypeToScriptingClass (21ms)
	initialDomainReloadingComplete (55ms)
	LoadAllAssembliesAndSetupDomain (683ms)
		LoadAssemblies (609ms)
		RebuildTransferFunctionScriptingTraits (0ms)
		AnalyzeDomain (248ms)
			TypeCache.Refresh (190ms)
				TypeCache.ScanAssembly (174ms)
			BuildScriptInfoCaches (47ms)
			ResolveRequiredComponents (7ms)
	FinalizeReload (975ms)
		ReleaseScriptCaches (0ms)
		RebuildScriptCaches (0ms)
		SetupLoadedEditorAssemblies (812ms)
			LogAssemblyErrors (0ms)
			InitializePlatformSupportModulesInManaged (3ms)
			SetLoadedEditorAssemblies (4ms)
			BeforeProcessingInitializeOnLoad (175ms)
			ProcessInitializeOnLoadAttributes (563ms)
			ProcessInitializeOnLoadMethodAttributes (53ms)
			AfterProcessingInitializeOnLoad (14ms)
			EditorAssembliesLoaded (0ms)
		ExecutionOrderSort2 (0ms)
		AwakeInstancesAfterBackupRestoration (11ms)
Launched and connected shader compiler UnityShaderCompiler.exe after 0.03 seconds
Refreshing native plugins compatible for Editor in 4.15 ms, found 3 plugins.
Preloading 0 native plugins for Editor in 0.00 ms.
Unloading 0 Unused Serialized files (Serialized files now loaded: 0)
Unloading 3897 unused Assets / (1.3 MB). Loaded Objects now: 4481.
Memory consumption went from 93.7 MB to 92.3 MB.
Total: 11.258400 ms (FindLiveObjects: 0.672800 ms CreateObjectMapping: 0.249100 ms MarkObjects: 8.685400 ms  DeleteObjects: 1.648700 ms)

========================================================================
Received Import Request.
  Time since last request: 1137867.195468 seconds.
  path: Assets/Modelos/Soldados/source/Russian Soldier 1/Generic_Item.fbx
  artifactKey: Guid(23de031aa0dc5754ba592976b8c3bd53) Importer(2089858483,b0f066a214c2f5e87bad3c948f4d605d)
Start importing Assets/Modelos/Soldados/source/Russian Soldier 1/Generic_Item.fbx using Guid(23de031aa0dc5754ba592976b8c3bd53) Importer(2089858483,b0f066a214c2f5e87bad3c948f4d605d) (ScriptedImporter) -> (artifact id: '24ad4873623a88c82b0c52e6885d24ab') in 0.3717805 seconds
Number of updated asset objects reloaded before import = 0Number of asset objects unloaded after import = 356

========================================================================
Received Import Request.
  Time since last request: 26.560536 seconds.
  path: Assets/Modelos/Soldados/textures/gloves.png
  artifactKey: Guid(8ba51f3b5ab137a4d98d7f06b335c03f) Importer(815301076,1909f56bfc062723c751e8b465ee728b)
Start importing Assets/Modelos/Soldados/textures/gloves.png using Guid(8ba51f3b5ab137a4d98d7f06b335c03f) Importer(815301076,1909f56bfc062723c751e8b465ee728b) (PreviewImporter) -> (artifact id: 'f233cfd4a2a765e4462dfd4427344f3f') in 0.1117186 seconds
Number of updated asset objects reloaded before import = 0Number of asset objects unloaded after import = 2

========================================================================
Received Import Request.
  Time since last request: 6.040821 seconds.
  path: Assets/Modelos/Soldados/source/Russian Soldier 1/Generic_Item.fbx
  artifactKey: Guid(23de031aa0dc5754ba592976b8c3bd53) Importer(815301076,1909f56bfc062723c751e8b465ee728b)
Start importing Assets/Modelos/Soldados/source/Russian Soldier 1/Generic_Item.fbx using Guid(23de031aa0dc5754ba592976b8c3bd53) Importer(815301076,1909f56bfc062723c751e8b465ee728b) (PreviewImporter) -> (artifact id: 'caf7ea0b3491944488fa6d7d28e70761') in 0.4723888 seconds
Number of updated asset objects reloaded before import = 0Number of asset objects unloaded after import = 356

========================================================================
Received Prepare
Begin MonoManager ReloadAssembly
[Licensing::Client] Successfully resolved entitlement details
- Loaded All Assemblies, in  0.825 seconds
Refreshing native plugins compatible for Editor in 1.32 ms, found 3 plugins.
Native extension for WindowsStandalone target not found
[Package Manager] Failed to launch server process. Reason: Unity was launched with the -noUpm command-line argument
[Package Manager] Unable to send message (not connected to server process).
[Package Manager] Cannot connect to Unity Package Manager local server
ScheduleIndexationOnStartup MainProcess:False IndexOnStartup:True
Mono: successfully reloaded assembly
- Finished resetting the current domain, in  1.004 seconds
Domain Reload Profiling: 1820ms
	BeginReloadAssembly (251ms)
		ExecutionOrderSort (0ms)
		DisableScriptedObjects (5ms)
		BackupInstance (0ms)
		ReleaseScriptingObjects (0ms)
		CreateAndSetChildDomain (61ms)
	RebuildCommonClasses (42ms)
	RebuildNativeTypeToScriptingClass (14ms)
	initialDomainReloadingComplete (38ms)
	LoadAllAssembliesAndSetupDomain (472ms)
		LoadAssemblies (396ms)
		RebuildTransferFunctionScriptingTraits (0ms)
		AnalyzeDomain (188ms)
			TypeCache.Refresh (6ms)
				TypeCache.ScanAssembly (0ms)
			BuildScriptInfoCaches (171ms)
			ResolveRequiredComponents (7ms)
	FinalizeReload (1004ms)
		ReleaseScriptCaches (0ms)
		RebuildScriptCaches (0ms)
		SetupLoadedEditorAssemblies (852ms)
			LogAssemblyErrors (0ms)
			InitializePlatformSupportModulesInManaged (3ms)
			SetLoadedEditorAssemblies (5ms)
			BeforeProcessingInitializeOnLoad (178ms)
			ProcessInitializeOnLoadAttributes (591ms)
			ProcessInitializeOnLoadMethodAttributes (60ms)
			AfterProcessingInitializeOnLoad (15ms)
			EditorAssembliesLoaded (0ms)
		ExecutionOrderSort2 (0ms)
		AwakeInstancesAfterBackupRestoration (8ms)
Refreshing native plugins compatible for Editor in 2.94 ms, found 3 plugins.
Preloading 0 native plugins for Editor in 0.00 ms.
Unloading 0 Unused Serialized files (Serialized files now loaded: 0)
Unloading 3895 unused Assets / (0.7 MB). Loaded Objects now: 4531.
Memory consumption went from 102.2 MB to 101.4 MB.
Total: 9.296700 ms (FindLiveObjects: 0.389500 ms CreateObjectMapping: 0.335900 ms MarkObjects: 7.701900 ms  DeleteObjects: 0.867200 ms)

Prepare: number of updated asset objects reloaded= 0
========================================================================
Received Import Request.
  Time since last request: 97.669980 seconds.
  path: Assets/Modelos/Soldados/source/Russian Soldier 2/6b27_digi.png
  artifactKey: Guid(5c703a48aa9e63d4383aa6a560bbfc32) Importer(815301076,1909f56bfc062723c751e8b465ee728b)
Start importing Assets/Modelos/Soldados/source/Russian Soldier 2/6b27_digi.png using Guid(5c703a48aa9e63d4383aa6a560bbfc32) Importer(815301076,1909f56bfc062723c751e8b465ee728b) (PreviewImporter) -> (artifact id: 'e63640d1bb8045463766be82fd599776') in 0.0638265 seconds
Number of updated asset objects reloaded before import = 0Number of asset objects unloaded after import = 2

========================================================================
Received Import Request.
  Time since last request: 0.000028 seconds.
  path: Assets/Modelos/Soldados/source/Russian Soldier 2/ruskygear2.png
  artifactKey: Guid(160cb471299ae91479bed97463876118) Importer(815301076,1909f56bfc062723c751e8b465ee728b)
Start importing Assets/Modelos/Soldados/source/Russian Soldier 2/ruskygear2.png using Guid(160cb471299ae91479bed97463876118) Importer(815301076,1909f56bfc062723c751e8b465ee728b) (PreviewImporter) -> (artifact id: '7ab2ec25a6d8db4b77a901f1b8655811') in 0.0116292 seconds
Number of updated asset objects reloaded before import = 0Number of asset objects unloaded after import = 2

========================================================================
Received Import Request.
  Time since last request: 0.000028 seconds.
  path: Assets/Modelos/Soldados/source/Russian Soldier 2/eye.png
  artifactKey: Guid(93dc033429e848a44abd26af581f0f1f) Importer(815301076,1909f56bfc062723c751e8b465ee728b)
Start importing Assets/Modelos/Soldados/source/Russian Soldier 2/eye.png using Guid(93dc033429e848a44abd26af581f0f1f) Importer(815301076,1909f56bfc062723c751e8b465ee728b) (PreviewImporter) -> (artifact id: '089f7e28740eb5f43f83ec311654bd3b') in 0.0085975 seconds
Number of updated asset objects reloaded before import = 0Number of asset objects unloaded after import = 2

========================================================================
Received Import Request.
  Time since last request: 0.000026 seconds.
  path: Assets/Modelos/Soldados/source/Russian Soldier 2/6Sh112_digi.png
  artifactKey: Guid(e04d4d3da6b50224bbfffb3ca1f14cfc) Importer(815301076,1909f56bfc062723c751e8b465ee728b)
Start importing Assets/Modelos/Soldados/source/Russian Soldier 2/6Sh112_digi.png using Guid(e04d4d3da6b50224bbfffb3ca1f14cfc) Importer(815301076,1909f56bfc062723c751e8b465ee728b) (PreviewImporter) -> (artifact id: '2457a83652ce7b6c54736ac763c4b08c') in 0.0104 seconds
Number of updated asset objects reloaded before import = 0Number of asset objects unloaded after import = 2

========================================================================
Received Import Request.
  Time since last request: 0.000021 seconds.
  path: Assets/Modelos/Soldados/source/Russian Soldier 2/russianwoodland_alpha_a_col.png
  artifactKey: Guid(e27596566596f1c428208a7dffc185d4) Importer(815301076,1909f56bfc062723c751e8b465ee728b)
Start importing Assets/Modelos/Soldados/source/Russian Soldier 2/russianwoodland_alpha_a_col.png using Guid(e27596566596f1c428208a7dffc185d4) Importer(815301076,1909f56bfc062723c751e8b465ee728b) (PreviewImporter) -> (artifact id: '67646778fd76b0614b736686baf36706') in 0.0089608 seconds
Number of updated asset objects reloaded before import = 0Number of asset objects unloaded after import = 2

========================================================================
Received Import Request.
  Time since last request: 0.000019 seconds.
  path: Assets/Modelos/Soldados/source/Russian Soldier 2/Preview.jpg
  artifactKey: Guid(18d47fcd5d7d40f4ab024f7e704ab91b) Importer(815301076,1909f56bfc062723c751e8b465ee728b)
Start importing Assets/Modelos/Soldados/source/Russian Soldier 2/Preview.jpg using Guid(18d47fcd5d7d40f4ab024f7e704ab91b) Importer(815301076,1909f56bfc062723c751e8b465ee728b) (PreviewImporter) -> (artifact id: '17cdf9fe566f96c4c2507250433eb1c6') in 0.0079743 seconds
Number of updated asset objects reloaded before import = 0Number of asset objects unloaded after import = 2

========================================================================
Received Import Request.
  Time since last request: 0.000031 seconds.
  path: Assets/Modelos/Soldados/source/Russian Soldier 2/rus_head_1.png
  artifactKey: Guid(52415135e92668847b53928d6a2d11d2) Importer(815301076,1909f56bfc062723c751e8b465ee728b)
Start importing Assets/Modelos/Soldados/source/Russian Soldier 2/rus_head_1.png using Guid(52415135e92668847b53928d6a2d11d2) Importer(815301076,1909f56bfc062723c751e8b465ee728b) (PreviewImporter) -> (artifact id: 'c5a9fc96a06ba1adff099da32dbc124a') in 0.0153866 seconds
Number of updated asset objects reloaded before import = 0Number of asset objects unloaded after import = 2

========================================================================
Received Import Request.
  Time since last request: 0.000063 seconds.
  path: Assets/Modelos/Soldados/source/Russian Soldier 2/rusjacket_digi.png
  artifactKey: Guid(a0d6ca09574181041803d9401b470adf) Importer(815301076,1909f56bfc062723c751e8b465ee728b)
Start importing Assets/Modelos/Soldados/source/Russian Soldier 2/rusjacket_digi.png using Guid(a0d6ca09574181041803d9401b470adf) Importer(815301076,1909f56bfc062723c751e8b465ee728b) (PreviewImporter) -> (artifact id: 'de429c4935ddc89c03313e1a628d8894') in 0.0078634 seconds
Number of updated asset objects reloaded before import = 0Number of asset objects unloaded after import = 2

========================================================================
Received Import Request.
  Time since last request: 0.000025 seconds.
  path: Assets/Modelos/Soldados/source/Russian Soldier 2/ru_glove_diffuse.png
  artifactKey: Guid(84d333c07f96c6248bf7f881fd2d8b57) Importer(815301076,1909f56bfc062723c751e8b465ee728b)
Start importing Assets/Modelos/Soldados/source/Russian Soldier 2/ru_glove_diffuse.png using Guid(84d333c07f96c6248bf7f881fd2d8b57) Importer(815301076,1909f56bfc062723c751e8b465ee728b) (PreviewImporter) -> (artifact id: 'b0a81a9e16da0addae0cfb780a9122c9') in 0.0160523 seconds
Number of updated asset objects reloaded before import = 0Number of asset objects unloaded after import = 2

========================================================================
Received Import Request.
  Time since last request: 0.000033 seconds.
  path: Assets/Modelos/Soldados/source/Russian Soldier 2/ruspants_digi.png
  artifactKey: Guid(a237cde88eeca7748960f7498e94e803) Importer(815301076,1909f56bfc062723c751e8b465ee728b)
Start importing Assets/Modelos/Soldados/source/Russian Soldier 2/ruspants_digi.png using Guid(a237cde88eeca7748960f7498e94e803) Importer(815301076,1909f56bfc062723c751e8b465ee728b) (PreviewImporter) -> (artifact id: 'fa4abd90df3e65fa8aa201760d59487b') in 0.0153641 seconds
Number of updated asset objects reloaded before import = 0Number of asset objects unloaded after import = 2

========================================================================
Received Import Request.
  Time since last request: 0.000018 seconds.
  path: Assets/Modelos/Soldados/source/Russian Soldier 2/mask.png
  artifactKey: Guid(a70cfdfc32d875f4dac650c8bf645051) Importer(815301076,1909f56bfc062723c751e8b465ee728b)
Start importing Assets/Modelos/Soldados/source/Russian Soldier 2/mask.png using Guid(a70cfdfc32d875f4dac650c8bf645051) Importer(815301076,1909f56bfc062723c751e8b465ee728b) (PreviewImporter) -> (artifact id: 'bd4fc774bcc093137d38d1e74d8a235d') in 0.0103369 seconds
Number of updated asset objects reloaded before import = 0Number of asset objects unloaded after import = 2

========================================================================
Received Import Request.
  Time since last request: 0.000020 seconds.
  path: Assets/Modelos/Soldados/source/Russian Soldier 2/ruskygear_digi.png
  artifactKey: Guid(5813507582c44cc43a6d0ed720b6b19b) Importer(815301076,1909f56bfc062723c751e8b465ee728b)
Start importing Assets/Modelos/Soldados/source/Russian Soldier 2/ruskygear_digi.png using Guid(5813507582c44cc43a6d0ed720b6b19b) Importer(815301076,1909f56bfc062723c751e8b465ee728b) (PreviewImporter) -> (artifact id: 'cdfd16606261e31026afd9d92974b472') in 0.016262 seconds
Number of updated asset objects reloaded before import = 0Number of asset objects unloaded after import = 2

Editor requested this worker to shutdown with reason: Scaling down because of idle timeout
AssetImportWorker is now disconnected from the server
Process exiting
Exiting without the bug reporter. Application will terminate with return code 0