[Licensing::Module] Trying to connect to existing licensing client channel...
Built from '6000.3/staging' branch; Version is '6000.3.10f1 (e35f0c77bd8e) revision 14901004'; Using compiler version '194234433'; Build Type 'Release'
[Licensing::IpcConnector] Successfully connected to: "LicenseClient-Usuario" at "2026-03-14T15:59:20.7280211Z"
OS: 'Windows 11  (10.0.26200) Core' Language: 'es' Physical Memory: 16077 MB
BatchMode: 1, IsHumanControllingUs: 0, StartBugReporterOnCrash: 0, Is64bit: 1
System  architecture: x64
Process architecture: x64
Date: 2026-03-14T15:59:20Z

COMMAND LINE ARGUMENTS:
C:\Program Files\Unity\Hub\Editor\6000.3.10f1\Editor\Unity.exe
-adb2
-batchMode
-noUpm
-name
AssetImportWorker4
-projectPath
C:/Users/Usuario/ProyectosUnity/ProyectoFInal
-logFile
Logs/AssetImportWorker4.log
-srvPort
64611
-licensingIpc
LicenseClient-Usuario
-job-worker-count
9
-background-job-worker-count
8
-gc-helper-count
1
-name
AssetImport
Successfully changed project path to: C:/Users/Usuario/ProyectosUnity/ProyectoFInal
C:/Users/Usuario/ProyectosUnity/ProyectoFInal
[UnityMemory] Configuration Parameters - Can be set up in boot.config
    "memorysetup-temp-allocator-size-nav-mesh-worker=65536"
    "memorysetup-temp-allocator-size-audio-worker=65536"
    "memorysetup-temp-allocator-size-gfx=262144"
    "memorysetup-allocator-temp-initial-block-size-main=262144"
    "memorysetup-allocator-temp-initial-block-size-worker=262144"
    "memorysetup-temp-allocator-size-background-worker=32768"
    "memorysetup-temp-allocator-size-job-worker=262144"
    "memorysetup-temp-allocator-size-preload-manager=33554432"
    "memorysetup-temp-allocator-size-gi-baking-worker=262144"
    "memorysetup-temp-allocator-size-gi-baking-worker=262144"
    "memorysetup-temp-allocator-size-gi-baking-worker=262144"
    "memorysetup-temp-allocator-size-gi-baking-worker=262144"
    "memorysetup-temp-allocator-size-gi-baking-worker=262144"
    "memorysetup-bucket-allocator-granularity=16"
    "memorysetup-bucket-allocator-bucket-count=8"
    "memorysetup-bucket-allocator-block-size=33554432"
    "memorysetup-bucket-allocator-block-count=8"
    "memorysetup-main-allocator-block-size=16777216"
    "memorysetup-thread-allocator-block-size=16777216"
    "memorysetup-gfx-main-allocator-block-size=16777216"
    "memorysetup-gfx-thread-allocator-block-size=16777216"
    "memorysetup-cache-allocator-block-size=4194304"
    "memorysetup-typetree-allocator-block-size=2097152"
    "memorysetup-profiler-bucket-allocator-granularity=16"
    "memorysetup-profiler-bucket-allocator-bucket-count=8"
    "memorysetup-profiler-bucket-allocator-block-size=33554432"
    "memorysetup-profiler-bucket-allocator-block-count=8"
    "memorysetup-profiler-allocator-block-size=16777216"
    "memorysetup-profiler-editor-allocator-block-size=1048576"
    "memorysetup-temp-allocator-size-main=16777216"
    "memorysetup-job-temp-allocator-block-size=2097152"
    "memorysetup-job-temp-allocator-block-size-background=1048576"
    "memorysetup-job-temp-allocator-reduction-small-platforms=262144"
    "memorysetup-temp-allocator-size-cloud-worker=32768"
Player connection [23092]  Target information:

Player connection [23092]  * "[IP] 26.2.185.209 [Port] 0 [Flags] 2 [Guid] 3324154217 [EditorId] 3324154217 [Version] 1048832 [Id] WindowsEditor(7,DESKTOP-H5B11SP) [Debug] 1 [PackageName] WindowsEditor [ProjectName] Editor" 

Player connection [23092]  * "[IP] 192.168.1.40 [Port] 0 [Flags] 2 [Guid] 3324154217 [EditorId] 3324154217 [Version] 1048832 [Id] WindowsEditor(7,DESKTOP-H5B11SP) [Debug] 1 [PackageName] WindowsEditor [ProjectName] Editor" 

Player connection [23092] Host joined multi-casting on [225.0.0.222:54997]...
Player connection [23092] Host joined alternative multi-casting on [225.0.0.222:34997]...
JobSystem: Creating JobQueue using job-worker-count value 9
Input System module state changed to: Initialized.
[Physics::Module] Initialized fallback backend.
[Physics::Module] Id: 0xdecafbad
Library Redirect Path: Library/
[Physics::Module] Selected backend.
[Physics::Module] Name: PhysX
[Physics::Module] Id: 0xf2b8ea05
[Physics::Module] SDK Version: 4.1.2
[Physics::Module] Integration Version: 1.0.0
[Physics::Module] Threading Mode: Multi-Threaded
Refreshing native plugins compatible for Editor in 5.65 ms, found 3 plugins.
Preloading 0 native plugins for Editor in 0.00 ms.
Initialize engine version: 6000.3.10f1 (e35f0c77bd8e)
[Subsystems] Discovering subsystems at path C:/Program Files/Unity/Hub/Editor/6000.3.10f1/Editor/Data/Resources/UnitySubsystems
[Subsystems] Discovering subsystems at path C:/Users/Usuario/ProyectosUnity/ProyectoFInal/Assets
GfxDevice: creating device client; kGfxThreadingModeNonThreaded
Direct3D:
    Version:  Direct3D 11.0 [level 11.1]
    Renderer: NVIDIA GeForce RTX 4050 Laptop GPU (ID=0x28a1)
    Vendor:   NVIDIA
    VRAM:     5920 MB
    Driver:   32.0.15.9559
Initialize mono
Mono path[0] = 'C:/Program Files/Unity/Hub/Editor/6000.3.10f1/Editor/Data/Managed'
Mono path[1] = 'C:/Program Files/Unity/Hub/Editor/6000.3.10f1/Editor/Data/MonoBleedingEdge/lib/mono/unityjit-win32'
Mono config path = 'C:/Program Files/Unity/Hub/Editor/6000.3.10f1/Editor/Data/MonoBleedingEdge/etc'
Using monoOptions --debugger-agent=transport=dt_socket,embedding=1,server=y,suspend=n,address=127.0.0.1:56636
Begin MonoManager ReloadAssembly
Registering precompiled unity dll's ...
Register platform support module: C:/Program Files/Unity/Hub/Editor/6000.3.10f1/Editor/Data/PlaybackEngines/WindowsStandaloneSupport/UnityEditor.WindowsStandalone.Extensions.dll
Registered in 0.005381 seconds.
[Licensing::Client] Handshaking with LicensingClient:
  Version:                 1.17.4+4293ba1
  Session Id:              39ee4d351a224dce82ef9cf13c421941
  Correlation Id:          2a92c86826a87a28631aad34d4bd3351
  External correlation Id: 1104340481951304893
  Machine Id:              xrbb/UebT4p5QAGp4sjS8aAJfSM=
[Licensing::Module] Successfully connected to LicensingClient on channel: "LicenseClient-Usuario" (connect: 0.00s, validation: 0.02s, handshake: 1.73s)
[Licensing::IpcConnector] Successfully connected to: "LicenseClient-Usuario-notifications" at "2026-03-14T15:59:22.479652Z"
[Licensing::Module] Licensing Background thread has ended after 1.75s
- Loaded All Assemblies, in  0.756 seconds
Native extension for WindowsStandalone target not found
ScheduleIndexationOnStartup MainProcess:False IndexOnStartup:True
Mono: successfully reloaded assembly
- Finished resetting the current domain, in  0.660 seconds
Domain Reload Profiling: 1402ms
	BeginReloadAssembly (326ms)
		ExecutionOrderSort (0ms)
		DisableScriptedObjects (0ms)
		BackupInstance (0ms)
		ReleaseScriptingObjects (0ms)
		CreateAndSetChildDomain (1ms)
	RebuildCommonClasses (65ms)
	RebuildNativeTypeToScriptingClass (16ms)
	initialDomainReloadingComplete (80ms)
	LoadAllAssembliesAndSetupDomain (253ms)
		LoadAssemblies (315ms)
		RebuildTransferFunctionScriptingTraits (0ms)
		AnalyzeDomain (248ms)
			TypeCache.Refresh (246ms)
				TypeCache.ScanAssembly (228ms)
			BuildScriptInfoCaches (0ms)
			ResolveRequiredComponents (0ms)
	FinalizeReload (661ms)
		ReleaseScriptCaches (0ms)
		RebuildScriptCaches (0ms)
		SetupLoadedEditorAssemblies (605ms)
			LogAssemblyErrors (0ms)
			InitializePlatformSupportModulesInManaged (84ms)
			SetLoadedEditorAssemblies (6ms)
			BeforeProcessingInitializeOnLoad (155ms)
			ProcessInitializeOnLoadAttributes (232ms)
			ProcessInitializeOnLoadMethodAttributes (128ms)
			AfterProcessingInitializeOnLoad (0ms)
			EditorAssembliesLoaded (0ms)
		ExecutionOrderSort2 (0ms)
		AwakeInstancesAfterBackupRestoration (0ms)
========================================================================
Worker process is ready to serve import requests
Import Worker Mode flag is 0x00
Begin MonoManager ReloadAssembly
[Licensing::Client] Successfully resolved entitlement details
[Licensing::Module] License group:
  Id: 1375107580762-UnityPersXXXX
  Product: Unity Personal
  Type: Assigned
  Expiration: Unlimited
- Loaded All Assemblies, in  1.053 seconds
Refreshing native plugins compatible for Editor in 0.90 ms, found 3 plugins.
Native extension for WindowsStandalone target not found
Package Manager log level set to [2]
[Package Manager] Failed to launch server process. Reason: Unity was launched with the -noUpm command-line argument
[Package Manager] Unable to send message (not connected to server process).
[Package Manager] Cannot connect to Unity Package Manager local server
ScheduleIndexationOnStartup MainProcess:False IndexOnStartup:True
Mono: successfully reloaded assembly
- Finished resetting the current domain, in  1.031 seconds
Domain Reload Profiling: 2067ms
	BeginReloadAssembly (238ms)
		ExecutionOrderSort (0ms)
		DisableScriptedObjects (7ms)
		BackupInstance (0ms)
		ReleaseScriptingObjects (0ms)
		CreateAndSetChildDomain (40ms)
	RebuildCommonClasses (41ms)
	RebuildNativeTypeToScriptingClass (14ms)
	initialDomainReloadingComplete (61ms)
	LoadAllAssembliesAndSetupDomain (682ms)
		LoadAssemblies (547ms)
		RebuildTransferFunctionScriptingTraits (0ms)
		AnalyzeDomain (264ms)
			TypeCache.Refresh (200ms)
				TypeCache.ScanAssembly (185ms)
			BuildScriptInfoCaches (51ms)
			ResolveRequiredComponents (7ms)
	FinalizeReload (1031ms)
		ReleaseScriptCaches (0ms)
		RebuildScriptCaches (0ms)
		SetupLoadedEditorAssemblies (886ms)
			LogAssemblyErrors (0ms)
			InitializePlatformSupportModulesInManaged (2ms)
			SetLoadedEditorAssemblies (5ms)
			BeforeProcessingInitializeOnLoad (189ms)
			ProcessInitializeOnLoadAttributes (627ms)
			ProcessInitializeOnLoadMethodAttributes (51ms)
			AfterProcessingInitializeOnLoad (12ms)
			EditorAssembliesLoaded (0ms)
		ExecutionOrderSort2 (0ms)
		AwakeInstancesAfterBackupRestoration (11ms)
Launched and connected shader compiler UnityShaderCompiler.exe after 0.03 seconds
Refreshing native plugins compatible for Editor in 2.78 ms, found 3 plugins.
Preloading 0 native plugins for Editor in 0.00 ms.
Unloading 0 Unused Serialized files (Serialized files now loaded: 0)
Unloading 3897 unused Assets / (0.9 MB). Loaded Objects now: 4481.
Memory consumption went from 93.7 MB to 92.8 MB.
Total: 10.523400 ms (FindLiveObjects: 0.951900 ms CreateObjectMapping: 0.386600 ms MarkObjects: 8.123500 ms  DeleteObjects: 1.059300 ms)

========================================================================
Received Import Request.
  Time since last request: 1136145.400004 seconds.
  path: Assets/Animaciones/Soldados
  artifactKey: Guid(5edbf637e5156e145a7b51bd0bbe0264) Importer(815301076,1909f56bfc062723c751e8b465ee728b)
Start importing Assets/Animaciones/Soldados using Guid(5edbf637e5156e145a7b51bd0bbe0264) Importer(815301076,1909f56bfc062723c751e8b465ee728b) (PreviewImporter) -> (artifact id: '01ef6ea9c57af3cc3727a74b8c34041d') in 0.0151959 seconds
Number of updated asset objects reloaded before import = 0Number of asset objects unloaded after import = 0

========================================================================
Received Import Request.
  Time since last request: 0.926786 seconds.
  path: Assets/Animaciones/Soldados
  artifactKey: Guid(5edbf637e5156e145a7b51bd0bbe0264) Importer(2089858483,b0f066a214c2f5e87bad3c948f4d605d)
Start importing Assets/Animaciones/Soldados using Guid(5edbf637e5156e145a7b51bd0bbe0264) Importer(2089858483,b0f066a214c2f5e87bad3c948f4d605d) (ScriptedImporter) -> (artifact id: 'd3f5d1cb40c7d941d7e2577fbec5c832') in 0.0704473 seconds
Number of updated asset objects reloaded before import = 0Number of asset objects unloaded after import = 1

========================================================================
Received Import Request.
  Time since last request: 299.013177 seconds.
  path: Assets/Animaciones/Soldados/Russian_Soldier1@Rifle Idle.fbx
  artifactKey: Guid(dba4433c3f11ab645b6187835bfda56e) Importer(815301076,1909f56bfc062723c751e8b465ee728b)
Start importing Assets/Animaciones/Soldados/Russian_Soldier1@Rifle Idle.fbx using Guid(dba4433c3f11ab645b6187835bfda56e) Importer(815301076,1909f56bfc062723c751e8b465ee728b) (PreviewImporter) -> (artifact id: '376437ffb1cef92ba16f5afab8465e35') in 0.6902791 seconds
Number of updated asset objects reloaded before import = 0Number of asset objects unloaded after import = 148

========================================================================
Received Import Request.
  Time since last request: 0.317560 seconds.
  path: Assets/Animaciones/Soldados/Russian_Soldier1@Rifle Idle.fbx
  artifactKey: Guid(dba4433c3f11ab645b6187835bfda56e) Importer(2089858483,b0f066a214c2f5e87bad3c948f4d605d)
Start importing Assets/Animaciones/Soldados/Russian_Soldier1@Rifle Idle.fbx using Guid(dba4433c3f11ab645b6187835bfda56e) Importer(2089858483,b0f066a214c2f5e87bad3c948f4d605d) (ScriptedImporter) -> (artifact id: 'a56447e306dc2e9e2fcb4a67560c8cc8') in 0.1156313 seconds
Number of updated asset objects reloaded before import = 0Number of asset objects unloaded after import = 148

========================================================================
Received Import Request.
  Time since last request: 7.048344 seconds.
  path: Assets/Animaciones/Protagonista/PlayerAnimations.controller
  artifactKey: Guid(f1d6f3f88d6d31e4983d144dca3aa100) Importer(815301076,1909f56bfc062723c751e8b465ee728b)
Start importing Assets/Animaciones/Protagonista/PlayerAnimations.controller using Guid(f1d6f3f88d6d31e4983d144dca3aa100) Importer(815301076,1909f56bfc062723c751e8b465ee728b) (PreviewImporter) -> (artifact id: '2c522839c2e03c7238603b8a48071e05') in 0.0224798 seconds
Number of updated asset objects reloaded before import = 0Number of asset objects unloaded after import = 26

========================================================================
Received Import Request.
  Time since last request: 20.276553 seconds.
  path: Assets/Animaciones/Soldados/EnemyController.controller
  artifactKey: Guid(1199f479afe6ba948a1595522fdd21e4) Importer(815301076,1909f56bfc062723c751e8b465ee728b)
Start importing Assets/Animaciones/Soldados/EnemyController.controller using Guid(1199f479afe6ba948a1595522fdd21e4) Importer(815301076,1909f56bfc062723c751e8b465ee728b) (PreviewImporter) -> (artifact id: '301b35d852c224a92bd907ac46cfd2a9') in 0.0013252 seconds
Number of updated asset objects reloaded before import = 0Number of asset objects unloaded after import = 1

========================================================================
Received Import Request.
  Time since last request: 0.956370 seconds.
  path: Assets/Animaciones/Soldados/EnemyController.controller
  artifactKey: Guid(1199f479afe6ba948a1595522fdd21e4) Importer(2089858483,b0f066a214c2f5e87bad3c948f4d605d)
Start importing Assets/Animaciones/Soldados/EnemyController.controller using Guid(1199f479afe6ba948a1595522fdd21e4) Importer(2089858483,b0f066a214c2f5e87bad3c948f4d605d) (ScriptedImporter) -> (artifact id: 'f9f788d15c754acacb6aa9c3e15a8eb0') in 0.008202 seconds
Number of updated asset objects reloaded before import = 0Number of asset objects unloaded after import = 1

========================================================================
Received Import Request.
  Time since last request: 22.225749 seconds.
  path: Assets/Animaciones/Soldados/EnemyIdle.fbx
  artifactKey: Guid(dba4433c3f11ab645b6187835bfda56e) Importer(815301076,1909f56bfc062723c751e8b465ee728b)
Start importing Assets/Animaciones/Soldados/EnemyIdle.fbx using Guid(dba4433c3f11ab645b6187835bfda56e) Importer(815301076,1909f56bfc062723c751e8b465ee728b) (PreviewImporter) -> (artifact id: '3b5c149679b5c3d66356051a7c345bea') in 0.1266623 seconds
Number of updated asset objects reloaded before import = 0Number of asset objects unloaded after import = 148

========================================================================
Received Import Request.
  Time since last request: 0.821204 seconds.
  path: Assets/Animaciones/Soldados/EnemyIdle.fbx
  artifactKey: Guid(dba4433c3f11ab645b6187835bfda56e) Importer(2089858483,b0f066a214c2f5e87bad3c948f4d605d)
Start importing Assets/Animaciones/Soldados/EnemyIdle.fbx using Guid(dba4433c3f11ab645b6187835bfda56e) Importer(2089858483,b0f066a214c2f5e87bad3c948f4d605d) (ScriptedImporter) -> (artifact id: '9066f97e73a293ea1e32dd01192a2ff9') in 0.0307072 seconds
Number of updated asset objects reloaded before import = 0Number of asset objects unloaded after import = 148

========================================================================
Received Import Request.
  Time since last request: 16.097938 seconds.
  path: Assets/Animaciones/Soldados/EnemyIdle.fbx
  artifactKey: Guid(dba4433c3f11ab645b6187835bfda56e) Importer(815301076,1909f56bfc062723c751e8b465ee728b)
Start importing Assets/Animaciones/Soldados/EnemyIdle.fbx using Guid(dba4433c3f11ab645b6187835bfda56e) Importer(815301076,1909f56bfc062723c751e8b465ee728b) (PreviewImporter) -> (artifact id: 'bd5903a55e294c0ea62121e24096c139') in 0.1708616 seconds
Number of updated asset objects reloaded before import = 0Number of asset objects unloaded after import = 150

========================================================================
Received Import Request.
  Time since last request: 0.799465 seconds.
  path: Assets/Animaciones/Soldados/EnemyIdle.fbx
  artifactKey: Guid(dba4433c3f11ab645b6187835bfda56e) Importer(2089858483,b0f066a214c2f5e87bad3c948f4d605d)
Start importing Assets/Animaciones/Soldados/EnemyIdle.fbx using Guid(dba4433c3f11ab645b6187835bfda56e) Importer(2089858483,b0f066a214c2f5e87bad3c948f4d605d) (ScriptedImporter) -> (artifact id: 'fe0008fc5be654ef40eae63c19843b3f') in 0.0434921 seconds
Number of updated asset objects reloaded before import = 0Number of asset objects unloaded after import = 150

========================================================================
Received Import Request.
  Time since last request: 314.748463 seconds.
  path: Assets/Animaciones/Soldados/EnemyIdle.fbx
  artifactKey: Guid(dba4433c3f11ab645b6187835bfda56e) Importer(815301076,1909f56bfc062723c751e8b465ee728b)
Start importing Assets/Animaciones/Soldados/EnemyIdle.fbx using Guid(dba4433c3f11ab645b6187835bfda56e) Importer(815301076,1909f56bfc062723c751e8b465ee728b) (PreviewImporter) -> (artifact id: '75232dfa352ac11536cd70c91dd64b70') in 0.1064568 seconds
Number of updated asset objects reloaded before import = 0Number of asset objects unloaded after import = 150

========================================================================
Received Import Request.
  Time since last request: 0.872976 seconds.
  path: Assets/Animaciones/Soldados/EnemyIdle.fbx
  artifactKey: Guid(dba4433c3f11ab645b6187835bfda56e) Importer(2089858483,b0f066a214c2f5e87bad3c948f4d605d)
Start importing Assets/Animaciones/Soldados/EnemyIdle.fbx using Guid(dba4433c3f11ab645b6187835bfda56e) Importer(2089858483,b0f066a214c2f5e87bad3c948f4d605d) (ScriptedImporter) -> (artifact id: 'e3f0cab3960c07aa16ed59b5522afb50') in 0.0321615 seconds
Number of updated asset objects reloaded before import = 0Number of asset objects unloaded after import = 150

========================================================================
Received Prepare
Begin MonoManager ReloadAssembly
[Licensing::Client] Successfully resolved entitlement details
- Loaded All Assemblies, in  0.780 seconds
Refreshing native plugins compatible for Editor in 1.60 ms, found 3 plugins.
Native extension for WindowsStandalone target not found
[Package Manager] Failed to launch server process. Reason: Unity was launched with the -noUpm command-line argument
[Package Manager] Unable to send message (not connected to server process).
[Package Manager] Cannot connect to Unity Package Manager local server
ScheduleIndexationOnStartup MainProcess:False IndexOnStartup:True
Mono: successfully reloaded assembly
- Finished resetting the current domain, in  0.897 seconds
Domain Reload Profiling: 1675ms
	BeginReloadAssembly (252ms)
		ExecutionOrderSort (0ms)
		DisableScriptedObjects (9ms)
		BackupInstance (0ms)
		ReleaseScriptingObjects (0ms)
		CreateAndSetChildDomain (71ms)
	RebuildCommonClasses (47ms)
	RebuildNativeTypeToScriptingClass (14ms)
	initialDomainReloadingComplete (32ms)
	LoadAllAssembliesAndSetupDomain (433ms)
		LoadAssemblies (379ms)
		RebuildTransferFunctionScriptingTraits (0ms)
		AnalyzeDomain (156ms)
			TypeCache.Refresh (6ms)
				TypeCache.ScanAssembly (0ms)
			BuildScriptInfoCaches (140ms)
			ResolveRequiredComponents (5ms)
	FinalizeReload (898ms)
		ReleaseScriptCaches (0ms)
		RebuildScriptCaches (0ms)
		SetupLoadedEditorAssemblies (775ms)
			LogAssemblyErrors (0ms)
			InitializePlatformSupportModulesInManaged (3ms)
			SetLoadedEditorAssemblies (5ms)
			BeforeProcessingInitializeOnLoad (141ms)
			ProcessInitializeOnLoadAttributes (570ms)
			ProcessInitializeOnLoadMethodAttributes (46ms)
			AfterProcessingInitializeOnLoad (10ms)
			EditorAssembliesLoaded (0ms)
		ExecutionOrderSort2 (0ms)
		AwakeInstancesAfterBackupRestoration (9ms)
Refreshing native plugins compatible for Editor in 2.21 ms, found 3 plugins.
Preloading 0 native plugins for Editor in 0.00 ms.
Unloading 0 Unused Serialized files (Serialized files now loaded: 0)
Unloading 3895 unused Assets / (0.7 MB). Loaded Objects now: 4529.
Memory consumption went from 102.0 MB to 101.3 MB.
Total: 8.548900 ms (FindLiveObjects: 0.304200 ms CreateObjectMapping: 0.189200 ms MarkObjects: 7.124200 ms  DeleteObjects: 0.929600 ms)

Prepare: number of updated asset objects reloaded= 0
========================================================================
Received Prepare
Begin MonoManager ReloadAssembly
[Licensing::Client] Successfully resolved entitlement details
- Loaded All Assemblies, in  0.654 seconds
Refreshing native plugins compatible for Editor in 1.42 ms, found 3 plugins.
Native extension for WindowsStandalone target not found
[Package Manager] Failed to launch server process. Reason: Unity was launched with the -noUpm command-line argument
[Package Manager] Unable to send message (not connected to server process).
[Package Manager] Cannot connect to Unity Package Manager local server
ScheduleIndexationOnStartup MainProcess:False IndexOnStartup:True
Mono: successfully reloaded assembly
- Finished resetting the current domain, in  0.907 seconds
Domain Reload Profiling: 1552ms
	BeginReloadAssembly (214ms)
		ExecutionOrderSort (0ms)
		DisableScriptedObjects (8ms)
		BackupInstance (0ms)
		ReleaseScriptingObjects (0ms)
		CreateAndSetChildDomain (48ms)
	RebuildCommonClasses (35ms)
	RebuildNativeTypeToScriptingClass (12ms)
	initialDomainReloadingComplete (31ms)
	LoadAllAssembliesAndSetupDomain (353ms)
		LoadAssemblies (308ms)
		RebuildTransferFunctionScriptingTraits (0ms)
		AnalyzeDomain (139ms)
			TypeCache.Refresh (6ms)
				TypeCache.ScanAssembly (0ms)
			BuildScriptInfoCaches (126ms)
			ResolveRequiredComponents (3ms)
	FinalizeReload (907ms)
		ReleaseScriptCaches (0ms)
		RebuildScriptCaches (0ms)
		SetupLoadedEditorAssemblies (780ms)
			LogAssemblyErrors (0ms)
			InitializePlatformSupportModulesInManaged (2ms)
			SetLoadedEditorAssemblies (4ms)
			BeforeProcessingInitializeOnLoad (168ms)
			ProcessInitializeOnLoadAttributes (552ms)
			ProcessInitializeOnLoadMethodAttributes (42ms)
			AfterProcessingInitializeOnLoad (11ms)
			EditorAssembliesLoaded (0ms)
		ExecutionOrderSort2 (0ms)
		AwakeInstancesAfterBackupRestoration (13ms)
Refreshing native plugins compatible for Editor in 2.06 ms, found 3 plugins.
Preloading 0 native plugins for Editor in 0.00 ms.
Unloading 0 Unused Serialized files (Serialized files now loaded: 0)
Unloading 3895 unused Assets / (0.9 MB). Loaded Objects now: 4530.
Memory consumption went from 102.0 MB to 101.1 MB.
Total: 8.001800 ms (FindLiveObjects: 0.263900 ms CreateObjectMapping: 0.374800 ms MarkObjects: 6.389500 ms  DeleteObjects: 0.972300 ms)

Prepare: number of updated asset objects reloaded= 0
========================================================================
Received Import Request.
  Time since last request: 167.370138 seconds.
  path: Assets/Modelos/Soldados/textures/Russian_Soldier1_Packed0_Diffuse.png
  artifactKey: Guid(bc2a53021eacb5c4bb06ecc8c27b58e5) Importer(815301076,1909f56bfc062723c751e8b465ee728b)
Start importing Assets/Modelos/Soldados/textures/Russian_Soldier1_Packed0_Diffuse.png using Guid(bc2a53021eacb5c4bb06ecc8c27b58e5) Importer(815301076,1909f56bfc062723c751e8b465ee728b) (PreviewImporter) -> (artifact id: '25bb85d6a0df5a7e100d7a2e0cd7c6d7') in 0.1239386 seconds
Number of updated asset objects reloaded before import = 0Number of asset objects unloaded after import = 2

========================================================================
Received Import Request.
  Time since last request: 0.000038 seconds.
  path: Assets/Modelos/Soldados/textures/Russian_Soldier1_Packed1_Specular.png
  artifactKey: Guid(2442e6e7e03b2d749aa3c527eb675ba1) Importer(815301076,1909f56bfc062723c751e8b465ee728b)
Start importing Assets/Modelos/Soldados/textures/Russian_Soldier1_Packed1_Specular.png using Guid(2442e6e7e03b2d749aa3c527eb675ba1) Importer(815301076,1909f56bfc062723c751e8b465ee728b) (PreviewImporter) -> (artifact id: '8caba5cac41b49981e2a45d3c6d96b23') in 0.0086383 seconds
Number of updated asset objects reloaded before import = 0Number of asset objects unloaded after import = 2

========================================================================
Received Import Request.
  Time since last request: 0.000038 seconds.
  path: Assets/Modelos/Soldados/textures/Russian_Soldier1_Packed1_Diffuse.png
  artifactKey: Guid(44d19c03ff35c9a4cbf18715ca9f418b) Importer(815301076,1909f56bfc062723c751e8b465ee728b)
Start importing Assets/Modelos/Soldados/textures/Russian_Soldier1_Packed1_Diffuse.png using Guid(44d19c03ff35c9a4cbf18715ca9f418b) Importer(815301076,1909f56bfc062723c751e8b465ee728b) (PreviewImporter) -> (artifact id: 'f6876ec48ee40c9da2adfd07a0b881af') in 0.0125599 seconds
Number of updated asset objects reloaded before import = 0Number of asset objects unloaded after import = 2

========================================================================
Received Import Request.
  Time since last request: 0.000020 seconds.
  path: Assets/Modelos/Soldados/textures/Russian_Soldier1_Packed0_Opacity.png
  artifactKey: Guid(d9d093733a48762459dd5c54fe1cbf2a) Importer(815301076,1909f56bfc062723c751e8b465ee728b)
Start importing Assets/Modelos/Soldados/textures/Russian_Soldier1_Packed0_Opacity.png using Guid(d9d093733a48762459dd5c54fe1cbf2a) Importer(815301076,1909f56bfc062723c751e8b465ee728b) (PreviewImporter) -> (artifact id: '6906f3b2f9263f2d69efe057a4b40fd1') in 0.0118036 seconds
Number of updated asset objects reloaded before import = 0Number of asset objects unloaded after import = 2

========================================================================
Received Import Request.
  Time since last request: 0.000026 seconds.
  path: Assets/Modelos/Soldados/textures/Russian_Soldier1_Packed2_Normal.png
  artifactKey: Guid(8a722ebeabe084e4888f25ea7f262477) Importer(815301076,1909f56bfc062723c751e8b465ee728b)
Start importing Assets/Modelos/Soldados/textures/Russian_Soldier1_Packed2_Normal.png using Guid(8a722ebeabe084e4888f25ea7f262477) Importer(815301076,1909f56bfc062723c751e8b465ee728b) (PreviewImporter) -> (artifact id: 'f8a2e00928d2dec07eccb68a87f3133f') in 0.0145604 seconds
Number of updated asset objects reloaded before import = 0Number of asset objects unloaded after import = 2

========================================================================
Received Import Request.
  Time since last request: 0.000022 seconds.
  path: Assets/Modelos/Soldados/textures/Russian_Soldier1_Packed1_Opacity.png
  artifactKey: Guid(1176aeb302deaa74584fb80a76d8f3f2) Importer(815301076,1909f56bfc062723c751e8b465ee728b)
Start importing Assets/Modelos/Soldados/textures/Russian_Soldier1_Packed1_Opacity.png using Guid(1176aeb302deaa74584fb80a76d8f3f2) Importer(815301076,1909f56bfc062723c751e8b465ee728b) (PreviewImporter) -> (artifact id: '7495ed52caaa31a813c4042a8e2f43cd') in 0.0079566 seconds
Number of updated asset objects reloaded before import = 0Number of asset objects unloaded after import = 2

========================================================================
Received Import Request.
  Time since last request: 32.648210 seconds.
  path: Assets/Modelos/Soldados/Materials/Russian_Soldier1_Packed0_Specular.mat
  artifactKey: Guid(bbad83050b4a8b34db01539e8d05351a) Importer(815301076,1909f56bfc062723c751e8b465ee728b)
Start importing Assets/Modelos/Soldados/Materials/Russian_Soldier1_Packed0_Specular.mat using Guid(bbad83050b4a8b34db01539e8d05351a) Importer(815301076,1909f56bfc062723c751e8b465ee728b) (PreviewImporter) -> (artifact id: '1d7f6ed243cbca17d5280ed16dc59a67') in 0.0508845 seconds
Number of updated asset objects reloaded before import = 0Number of asset objects unloaded after import = 2

========================================================================
Received Import Request.
  Time since last request: 299.523684 seconds.
  path: Assets/Modelos/Soldados/textures/ffe6e3.png
  artifactKey: Guid(b3b8b58a314498c4baa5a831f9822dcf) Importer(815301076,1909f56bfc062723c751e8b465ee728b)
Start importing Assets/Modelos/Soldados/textures/ffe6e3.png using Guid(b3b8b58a314498c4baa5a831f9822dcf) Importer(815301076,1909f56bfc062723c751e8b465ee728b) (PreviewImporter) -> (artifact id: '916b9348894a54bbc77f4d050be4d1b3') in 0.0105083 seconds
Number of updated asset objects reloaded before import = 0Number of asset objects unloaded after import = 2

========================================================================
Received Import Request.
  Time since last request: 36.063018 seconds.
  path: Assets/Modelos/Soldados/textures
  artifactKey: Guid(51594a80e8066dd49ad29d2d1476d48d) Importer(815301076,1909f56bfc062723c751e8b465ee728b)
Start importing Assets/Modelos/Soldados/textures using Guid(51594a80e8066dd49ad29d2d1476d48d) Importer(815301076,1909f56bfc062723c751e8b465ee728b) (PreviewImporter) -> (artifact id: '604322b8643aef1021d7872be515073f') in 0.0015916 seconds
Number of updated asset objects reloaded before import = 0Number of asset objects unloaded after import = 0

========================================================================
Received Import Request.
  Time since last request: 3.463360 seconds.
  path: Assets/Modelos/Soldados/Materials
  artifactKey: Guid(41295d9429a3934429f566e46c1ede89) Importer(2089858483,b0f066a214c2f5e87bad3c948f4d605d)
Start importing Assets/Modelos/Soldados/Materials using Guid(41295d9429a3934429f566e46c1ede89) Importer(2089858483,b0f066a214c2f5e87bad3c948f4d605d) (ScriptedImporter) -> (artifact id: '85d4d9e541c198bc2949deb4d5b20483') in 0.0638741 seconds
Number of updated asset objects reloaded before import = 0Number of asset objects unloaded after import = 1

========================================================================
Received Import Request.
  Time since last request: 0.000081 seconds.
  path: Assets/Modelos/Soldados/Materials/Russian_Soldier1_Packed0_Specular.mat
  artifactKey: Guid(bbad83050b4a8b34db01539e8d05351a) Importer(2089858483,b0f066a214c2f5e87bad3c948f4d605d)
Start importing Assets/Modelos/Soldados/Materials/Russian_Soldier1_Packed0_Specular.mat using Guid(bbad83050b4a8b34db01539e8d05351a) Importer(2089858483,b0f066a214c2f5e87bad3c948f4d605d) (ScriptedImporter) -> (artifact id: '9dbec9d90821c131414611dc0606de85') in 0.0497752 seconds
Number of updated asset objects reloaded before import = 0Number of asset objects unloaded after import = 2

========================================================================
Received Import Request.
  Time since last request: 0.000017 seconds.
  path: Assets/Modelos/Soldados/textures/ffe6e3.png
  artifactKey: Guid(b3b8b58a314498c4baa5a831f9822dcf) Importer(2089858483,b0f066a214c2f5e87bad3c948f4d605d)
Start importing Assets/Modelos/Soldados/textures/ffe6e3.png using Guid(b3b8b58a314498c4baa5a831f9822dcf) Importer(2089858483,b0f066a214c2f5e87bad3c948f4d605d) (ScriptedImporter) -> (artifact id: '72626034c77d3441313834b0f782defe') in 0.0688714 seconds
Number of updated asset objects reloaded before import = 0Number of asset objects unloaded after import = 1

========================================================================
Received Import Request.
  Time since last request: 8.101207 seconds.
  path: Assets/Modelos/Soldados/textures/Sin título.png
  artifactKey: Guid(34c82441517679745857aea3194d5b6f) Importer(815301076,1909f56bfc062723c751e8b465ee728b)
Start importing Assets/Modelos/Soldados/textures/Sin título.png using Guid(34c82441517679745857aea3194d5b6f) Importer(815301076,1909f56bfc062723c751e8b465ee728b) (PreviewImporter) -> (artifact id: 'b62de6352fa5e81982007024abf6d206') in 0.0150528 seconds
Number of updated asset objects reloaded before import = 0Number of asset objects unloaded after import = 2

========================================================================
Received Import Request.
  Time since last request: 0.971495 seconds.
  path: Assets/Modelos/Soldados/textures/Sin título.png
  artifactKey: Guid(34c82441517679745857aea3194d5b6f) Importer(2089858483,b0f066a214c2f5e87bad3c948f4d605d)
Start importing Assets/Modelos/Soldados/textures/Sin título.png using Guid(34c82441517679745857aea3194d5b6f) Importer(2089858483,b0f066a214c2f5e87bad3c948f4d605d) (ScriptedImporter) -> (artifact id: '2f8973144c3304b6b68cffdc62fc0522') in 0.012503 seconds
Number of updated asset objects reloaded before import = 0Number of asset objects unloaded after import = 1

========================================================================
Received Import Request.
  Time since last request: 12.918208 seconds.
  path: Assets/Modelos/Soldados/Materials/Sin título.mat
  artifactKey: Guid(9431a5de70586b64e86cd735d25bb349) Importer(2089858483,b0f066a214c2f5e87bad3c948f4d605d)
Start importing Assets/Modelos/Soldados/Materials/Sin título.mat using Guid(9431a5de70586b64e86cd735d25bb349) Importer(2089858483,b0f066a214c2f5e87bad3c948f4d605d) (ScriptedImporter) -> (artifact id: 'aa62c5ebfe067b0bc51a5376a958f243') in 0.0079712 seconds
Number of updated asset objects reloaded before import = 0Number of asset objects unloaded after import = 2

========================================================================
Received Import Request.
  Time since last request: 13.607287 seconds.
  path: Assets/Modelos/Soldados/Materials/ffe6e3.mat
  artifactKey: Guid(a4d8b319a952a8442b12f2cc0f5aa7eb) Importer(815301076,1909f56bfc062723c751e8b465ee728b)
Start importing Assets/Modelos/Soldados/Materials/ffe6e3.mat using Guid(a4d8b319a952a8442b12f2cc0f5aa7eb) Importer(815301076,1909f56bfc062723c751e8b465ee728b) (PreviewImporter) -> (artifact id: '420adc646427421f853ff1e08d9ca623') in 0.0131955 seconds
Number of updated asset objects reloaded before import = 0Number of asset objects unloaded after import = 2

========================================================================
Received Import Request.
  Time since last request: 14.301954 seconds.
  path: Assets/Modelos/Soldados/Materials/Russian_Soldier1_Packed0_Diffuse.mat
  artifactKey: Guid(6d6ccbf0fdd03ae438f4e46ab32ada25) Importer(2089858483,b0f066a214c2f5e87bad3c948f4d605d)
Start importing Assets/Modelos/Soldados/Materials/Russian_Soldier1_Packed0_Diffuse.mat using Guid(6d6ccbf0fdd03ae438f4e46ab32ada25) Importer(2089858483,b0f066a214c2f5e87bad3c948f4d605d) (ScriptedImporter) -> (artifact id: 'db7911ef14dd841b9354e12fabb1f129') in 0.0151149 seconds
Number of updated asset objects reloaded before import = 0Number of asset objects unloaded after import = 2

========================================================================
Received Import Request.
  Time since last request: 1.561811 seconds.
  path: Assets/Modelos/Soldados/Materials/Russian_Soldier1_Packed0_Diffuse.mat
  artifactKey: Guid(6d6ccbf0fdd03ae438f4e46ab32ada25) Importer(815301076,1909f56bfc062723c751e8b465ee728b)
Start importing Assets/Modelos/Soldados/Materials/Russian_Soldier1_Packed0_Diffuse.mat using Guid(6d6ccbf0fdd03ae438f4e46ab32ada25) Importer(815301076,1909f56bfc062723c751e8b465ee728b) (PreviewImporter) -> (artifact id: '12280d33aa1123f8c5a2af84ae754180') in 0.0108859 seconds
Number of updated asset objects reloaded before import = 0Number of asset objects unloaded after import = 2

========================================================================
Received Import Request.
  Time since last request: 76.999905 seconds.
  path: Assets/Modelos/Soldados/Materials/Russian_Soldier1_Packed2_Diffuse.mat
  artifactKey: Guid(45e529a9e51140f41a2924ca4714ab71) Importer(2089858483,b0f066a214c2f5e87bad3c948f4d605d)
Start importing Assets/Modelos/Soldados/Materials/Russian_Soldier1_Packed2_Diffuse.mat using Guid(45e529a9e51140f41a2924ca4714ab71) Importer(2089858483,b0f066a214c2f5e87bad3c948f4d605d) (ScriptedImporter) -> (artifact id: 'a2dcb537b775b6678850419f9c499924') in 0.0216261 seconds
Number of updated asset objects reloaded before import = 0Number of asset objects unloaded after import = 2

========================================================================
Received Import Request.
  Time since last request: 18.484126 seconds.
  path: Assets/Modelos/Soldados/Materials/Russian_Soldier1_Packed1_Normal.mat
  artifactKey: Guid(7b1e2b2bf99492f419204522e7db9c1c) Importer(2089858483,b0f066a214c2f5e87bad3c948f4d605d)
Start importing Assets/Modelos/Soldados/Materials/Russian_Soldier1_Packed1_Normal.mat using Guid(7b1e2b2bf99492f419204522e7db9c1c) Importer(2089858483,b0f066a214c2f5e87bad3c948f4d605d) (ScriptedImporter) -> (artifact id: 'd9ace4ded50072ac7a74b813af141000') in 0.0162656 seconds
Number of updated asset objects reloaded before import = 0Number of asset objects unloaded after import = 2

========================================================================
Received Import Request.
  Time since last request: 143.657038 seconds.
  path: Assets/Modelos/Soldados/Materials/Russian_Soldier1_Packed1_Normal.mat
  artifactKey: Guid(7b1e2b2bf99492f419204522e7db9c1c) Importer(815301076,1909f56bfc062723c751e8b465ee728b)
Start importing Assets/Modelos/Soldados/Materials/Russian_Soldier1_Packed1_Normal.mat using Guid(7b1e2b2bf99492f419204522e7db9c1c) Importer(815301076,1909f56bfc062723c751e8b465ee728b) (PreviewImporter) -> (artifact id: '1255c3d612c205255f61883d53ef70f2') in 0.0570159 seconds
Number of updated asset objects reloaded before import = 0Number of asset objects unloaded after import = 2

========================================================================
Received Import Request.
  Time since last request: 6.444211 seconds.
  path: Assets/Animaciones/Soldados/EnemyIdle.fbx
  artifactKey: Guid(dba4433c3f11ab645b6187835bfda56e) Importer(815301076,1909f56bfc062723c751e8b465ee728b)
Start importing Assets/Animaciones/Soldados/EnemyIdle.fbx using Guid(dba4433c3f11ab645b6187835bfda56e) Importer(815301076,1909f56bfc062723c751e8b465ee728b) (PreviewImporter) -> (artifact id: '607602f4200522c9673c98c0b4f645a4') in 0.322106 seconds
Number of updated asset objects reloaded before import = 0Number of asset objects unloaded after import = 144

========================================================================
Received Import Request.
  Time since last request: 188.865538 seconds.
  path: Assets/Modelos/Soldados/textures/eye.png
  artifactKey: Guid(8dbf48c6ccbbf3c4d9e55cf73028029f) Importer(2089858483,b0f066a214c2f5e87bad3c948f4d605d)
Start importing Assets/Modelos/Soldados/textures/eye.png using Guid(8dbf48c6ccbbf3c4d9e55cf73028029f) Importer(2089858483,b0f066a214c2f5e87bad3c948f4d605d) (ScriptedImporter) -> (artifact id: '4a317f4f9adf357d60d2faed2d621b12') in 0.088165 seconds
Number of updated asset objects reloaded before import = 0Number of asset objects unloaded after import = 1

========================================================================
Received Import Request.
  Time since last request: 0.012923 seconds.
  path: Assets/Modelos/Soldados/textures/rusjacket_digi.png
  artifactKey: Guid(0b8a0c53216e12f4a8a49028e6f198ec) Importer(2089858483,b0f066a214c2f5e87bad3c948f4d605d)
Start importing Assets/Modelos/Soldados/textures/rusjacket_digi.png using Guid(0b8a0c53216e12f4a8a49028e6f198ec) Importer(2089858483,b0f066a214c2f5e87bad3c948f4d605d) (ScriptedImporter) -> (artifact id: 'c14dbdb9c39e10982a6c252b6f037628') in 0.0300607 seconds
Number of updated asset objects reloaded before import = 0Number of asset objects unloaded after import = 1

========================================================================
Received Import Request.
  Time since last request: 0.013687 seconds.
  path: Assets/Modelos/Soldados/textures/rusboots.png
  artifactKey: Guid(26f5b6ee51aa9444f9024f01573f6a10) Importer(2089858483,b0f066a214c2f5e87bad3c948f4d605d)
Start importing Assets/Modelos/Soldados/textures/rusboots.png using Guid(26f5b6ee51aa9444f9024f01573f6a10) Importer(2089858483,b0f066a214c2f5e87bad3c948f4d605d) (ScriptedImporter) -> (artifact id: '0a9d72692478301665a6351459c32f7c') in 0.0344538 seconds
Number of updated asset objects reloaded before import = 0Number of asset objects unloaded after import = 1

========================================================================
Received Import Request.
  Time since last request: 0.000096 seconds.
  path: Assets/Modelos/Soldados/textures/ruskygear2.png
  artifactKey: Guid(88f4d776916f10a4ab1968e615e5210e) Importer(2089858483,b0f066a214c2f5e87bad3c948f4d605d)
Start importing Assets/Modelos/Soldados/textures/ruskygear2.png using Guid(88f4d776916f10a4ab1968e615e5210e) Importer(2089858483,b0f066a214c2f5e87bad3c948f4d605d) (ScriptedImporter) -> (artifact id: '2942907413ff1892558be945e5c57e48') in 0.0261186 seconds
Number of updated asset objects reloaded before import = 0Number of asset objects unloaded after import = 1

========================================================================
Received Import Request.
  Time since last request: 0.000213 seconds.
  path: Assets/Modelos/Soldados/textures/ruskygear_digi.png
  artifactKey: Guid(be50d35049b87074f89c465ed8aae811) Importer(2089858483,b0f066a214c2f5e87bad3c948f4d605d)
Start importing Assets/Modelos/Soldados/textures/ruskygear_digi.png using Guid(be50d35049b87074f89c465ed8aae811) Importer(2089858483,b0f066a214c2f5e87bad3c948f4d605d) (ScriptedImporter) -> (artifact id: '6d3823040e13876b0886b1b6a7088467') in 0.0176354 seconds
Number of updated asset objects reloaded before import = 0Number of asset objects unloaded after import = 1

========================================================================
Received Import Request.
  Time since last request: 0.000166 seconds.
  path: Assets/Modelos/Soldados/textures/rus_head_1.png
  artifactKey: Guid(e977672997692ab4b9f8bac3a60829ff) Importer(2089858483,b0f066a214c2f5e87bad3c948f4d605d)
Start importing Assets/Modelos/Soldados/textures/rus_head_1.png using Guid(e977672997692ab4b9f8bac3a60829ff) Importer(2089858483,b0f066a214c2f5e87bad3c948f4d605d) (ScriptedImporter) -> (artifact id: 'b31c695f94f63c9d19bcb80741c7a8ff') in 0.0116797 seconds
Number of updated asset objects reloaded before import = 0Number of asset objects unloaded after import = 1

========================================================================
Received Import Request.
  Time since last request: 0.000357 seconds.
  path: Assets/Modelos/Soldados/textures/russianwoodland_alpha_a_col.png
  artifactKey: Guid(bf1cd8c2642770e4c985c9e4c624b595) Importer(2089858483,b0f066a214c2f5e87bad3c948f4d605d)
Start importing Assets/Modelos/Soldados/textures/russianwoodland_alpha_a_col.png using Guid(bf1cd8c2642770e4c985c9e4c624b595) Importer(2089858483,b0f066a214c2f5e87bad3c948f4d605d) (ScriptedImporter) -> (artifact id: '1935de184c84c53746d5eed83fc9205b') in 0.0099581 seconds
Number of updated asset objects reloaded before import = 0Number of asset objects unloaded after import = 1

========================================================================
Received Import Request.
  Time since last request: 0.000079 seconds.
  path: Assets/Modelos/Soldados/textures/6Sh112_digi.png
  artifactKey: Guid(d0872ea95f1546c4792a801f0bff1c35) Importer(2089858483,b0f066a214c2f5e87bad3c948f4d605d)
Start importing Assets/Modelos/Soldados/textures/6Sh112_digi.png using Guid(d0872ea95f1546c4792a801f0bff1c35) Importer(2089858483,b0f066a214c2f5e87bad3c948f4d605d) (ScriptedImporter) -> (artifact id: '6c065f8cd5f36c4cf26da5c4d793b7b7') in 0.0154523 seconds
Number of updated asset objects reloaded before import = 0Number of asset objects unloaded after import = 1

========================================================================
Received Import Request.
  Time since last request: 0.000130 seconds.
  path: Assets/Modelos/Soldados/textures/gloves.png
  artifactKey: Guid(8ba51f3b5ab137a4d98d7f06b335c03f) Importer(2089858483,b0f066a214c2f5e87bad3c948f4d605d)
Start importing Assets/Modelos/Soldados/textures/gloves.png using Guid(8ba51f3b5ab137a4d98d7f06b335c03f) Importer(2089858483,b0f066a214c2f5e87bad3c948f4d605d) (ScriptedImporter) -> (artifact id: '0d1d2ec73e31d95a35680e62a3e39a90') in 0.010351 seconds
Number of updated asset objects reloaded before import = 0Number of asset objects unloaded after import = 1

========================================================================
Received Import Request.
  Time since last request: 0.000469 seconds.
  path: Assets/Modelos/Soldados/textures/ruspants_digi.png
  artifactKey: Guid(e29186e7e38e73845a9e5fc34b9f30c4) Importer(2089858483,b0f066a214c2f5e87bad3c948f4d605d)
Start importing Assets/Modelos/Soldados/textures/ruspants_digi.png using Guid(e29186e7e38e73845a9e5fc34b9f30c4) Importer(2089858483,b0f066a214c2f5e87bad3c948f4d605d) (ScriptedImporter) -> (artifact id: 'c01e08ad21efde291a893a73b923bad1') in 0.0114442 seconds
Number of updated asset objects reloaded before import = 0Number of asset objects unloaded after import = 1

========================================================================
Received Import Request.
  Time since last request: 0.000447 seconds.
  path: Assets/Modelos/Soldados/textures/mask.png
  artifactKey: Guid(1bf351acfb3f3e64792f2923df85d935) Importer(2089858483,b0f066a214c2f5e87bad3c948f4d605d)
Start importing Assets/Modelos/Soldados/textures/mask.png using Guid(1bf351acfb3f3e64792f2923df85d935) Importer(2089858483,b0f066a214c2f5e87bad3c948f4d605d) (ScriptedImporter) -> (artifact id: '89b13d337fec09389d169f087a3d9e6b') in 0.0130912 seconds
Number of updated asset objects reloaded before import = 0Number of asset objects unloaded after import = 1

========================================================================
Received Import Request.
  Time since last request: 0.000105 seconds.
  path: Assets/Modelos/Soldados/textures/google.png
  artifactKey: Guid(f203e4b53eb7925409f6f991f652aba0) Importer(2089858483,b0f066a214c2f5e87bad3c948f4d605d)
Start importing Assets/Modelos/Soldados/textures/google.png using Guid(f203e4b53eb7925409f6f991f652aba0) Importer(2089858483,b0f066a214c2f5e87bad3c948f4d605d) (ScriptedImporter) -> (artifact id: 'c058c9c792c5bee118e82232da4b2eb0') in 0.0160877 seconds
Number of updated asset objects reloaded before import = 0Number of asset objects unloaded after import = 1

========================================================================
Received Import Request.
  Time since last request: 0.000111 seconds.
  path: Assets/Modelos/Soldados/textures/rsa_05_d.png
  artifactKey: Guid(1696006c63ea9c74da2b6339a9e08c73) Importer(2089858483,b0f066a214c2f5e87bad3c948f4d605d)
Start importing Assets/Modelos/Soldados/textures/rsa_05_d.png using Guid(1696006c63ea9c74da2b6339a9e08c73) Importer(2089858483,b0f066a214c2f5e87bad3c948f4d605d) (ScriptedImporter) -> (artifact id: '0038cc4e74bf15be92fa9be70208b984') in 0.013731 seconds
Number of updated asset objects reloaded before import = 0Number of asset objects unloaded after import = 1

========================================================================
Received Import Request.
  Time since last request: 0.000084 seconds.
  path: Assets/Modelos/Soldados/textures/6Sh92_digi.png
  artifactKey: Guid(922289241c870d2499174cc1f9869344) Importer(2089858483,b0f066a214c2f5e87bad3c948f4d605d)
Start importing Assets/Modelos/Soldados/textures/6Sh92_digi.png using Guid(922289241c870d2499174cc1f9869344) Importer(2089858483,b0f066a214c2f5e87bad3c948f4d605d) (ScriptedImporter) -> (artifact id: 'e9fc3dbe5184a25f4bb31a6200b7eacb') in 0.0123616 seconds
Number of updated asset objects reloaded before import = 0Number of asset objects unloaded after import = 1

========================================================================
Received Import Request.
  Time since last request: 1.027026 seconds.
  path: Assets/Modelos/Soldados/source/Russian_Soldier_By_EginKaman_&_Shurik123.rar
  artifactKey: Guid(7c822efa485c9354e89fa64e240d37a8) Importer(815301076,1909f56bfc062723c751e8b465ee728b)
Start importing Assets/Modelos/Soldados/source/Russian_Soldier_By_EginKaman_&_Shurik123.rar using Guid(7c822efa485c9354e89fa64e240d37a8) Importer(815301076,1909f56bfc062723c751e8b465ee728b) (PreviewImporter) -> (artifact id: 'c38675d630c1316b14b61f2f21cf4e49') in 0.006726 seconds
Number of updated asset objects reloaded before import = 0Number of asset objects unloaded after import = 1

========================================================================
Received Import Request.
  Time since last request: 7.837401 seconds.
  path: Assets/Modelos/Soldados/source/Preview.jpg
  artifactKey: Guid(71c9559275a1cb8468249ba98d26140c) Importer(815301076,1909f56bfc062723c751e8b465ee728b)
Start importing Assets/Modelos/Soldados/source/Preview.jpg using Guid(71c9559275a1cb8468249ba98d26140c) Importer(815301076,1909f56bfc062723c751e8b465ee728b) (PreviewImporter) -> (artifact id: '75bbc92beebb05c8b0dc10261e135582') in 0.0333803 seconds
Number of updated asset objects reloaded before import = 0Number of asset objects unloaded after import = 2

========================================================================
Received Import Request.
  Time since last request: 1.012908 seconds.
  path: Assets/Modelos/Soldados/source/Russian Soldier 1/eye.png
  artifactKey: Guid(391178dd4ae51434b997bb2f5c9f2c3e) Importer(2089858483,b0f066a214c2f5e87bad3c948f4d605d)
Start importing Assets/Modelos/Soldados/source/Russian Soldier 1/eye.png using Guid(391178dd4ae51434b997bb2f5c9f2c3e) Importer(2089858483,b0f066a214c2f5e87bad3c948f4d605d) (ScriptedImporter) -> (artifact id: '760950ee74ab0f72fb0c51865b7fc49c') in 0.015899 seconds
Number of updated asset objects reloaded before import = 0Number of asset objects unloaded after import = 1

========================================================================
Received Import Request.
  Time since last request: 0.000061 seconds.
  path: Assets/Modelos/Soldados/source/Russian Soldier 2/ruskygear2.png
  artifactKey: Guid(160cb471299ae91479bed97463876118) Importer(2089858483,b0f066a214c2f5e87bad3c948f4d605d)
Start importing Assets/Modelos/Soldados/source/Russian Soldier 2/ruskygear2.png using Guid(160cb471299ae91479bed97463876118) Importer(2089858483,b0f066a214c2f5e87bad3c948f4d605d) (ScriptedImporter) -> (artifact id: 'bead9ac9800031a97c460fedbc479a2a') in 0.0235554 seconds
Number of updated asset objects reloaded before import = 0Number of asset objects unloaded after import = 1

========================================================================
Received Import Request.
  Time since last request: 0.000071 seconds.
  path: Assets/Modelos/Soldados/source/Russian Soldier 1/ruspants_digi.png
  artifactKey: Guid(6d0ec67f072b053458540a4883aa8a85) Importer(2089858483,b0f066a214c2f5e87bad3c948f4d605d)
Start importing Assets/Modelos/Soldados/source/Russian Soldier 1/ruspants_digi.png using Guid(6d0ec67f072b053458540a4883aa8a85) Importer(2089858483,b0f066a214c2f5e87bad3c948f4d605d) (ScriptedImporter) -> (artifact id: '18c711b411f2f3ebf08ee0ad7d23e35c') in 0.0190517 seconds
Number of updated asset objects reloaded before import = 0Number of asset objects unloaded after import = 1

========================================================================
Received Import Request.
  Time since last request: 0.000139 seconds.
  path: Assets/Modelos/Soldados/source/Russian Soldier 2/6Sh112_digi.png
  artifactKey: Guid(e04d4d3da6b50224bbfffb3ca1f14cfc) Importer(2089858483,b0f066a214c2f5e87bad3c948f4d605d)
Start importing Assets/Modelos/Soldados/source/Russian Soldier 2/6Sh112_digi.png using Guid(e04d4d3da6b50224bbfffb3ca1f14cfc) Importer(2089858483,b0f066a214c2f5e87bad3c948f4d605d) (ScriptedImporter) -> (artifact id: '602625c5ac46c85fd4a621f3aa5ad895') in 0.0172085 seconds
Number of updated asset objects reloaded before import = 0Number of asset objects unloaded after import = 1

========================================================================
Received Import Request.
  Time since last request: 0.000050 seconds.
  path: Assets/Modelos/Soldados/source/Russian Soldier 2/rus_head_1.png
  artifactKey: Guid(52415135e92668847b53928d6a2d11d2) Importer(2089858483,b0f066a214c2f5e87bad3c948f4d605d)
Start importing Assets/Modelos/Soldados/source/Russian Soldier 2/rus_head_1.png using Guid(52415135e92668847b53928d6a2d11d2) Importer(2089858483,b0f066a214c2f5e87bad3c948f4d605d) (ScriptedImporter) -> (artifact id: 'a3ddf27d826479e00bf14f0029466457') in 0.0201796 seconds
Number of updated asset objects reloaded before import = 0Number of asset objects unloaded after import = 1

========================================================================
Received Import Request.
  Time since last request: 0.000083 seconds.
  path: Assets/Modelos/Soldados/source/Russian Soldier 2/6b27_digi.png
  artifactKey: Guid(5c703a48aa9e63d4383aa6a560bbfc32) Importer(2089858483,b0f066a214c2f5e87bad3c948f4d605d)
Start importing Assets/Modelos/Soldados/source/Russian Soldier 2/6b27_digi.png using Guid(5c703a48aa9e63d4383aa6a560bbfc32) Importer(2089858483,b0f066a214c2f5e87bad3c948f4d605d) (ScriptedImporter) -> (artifact id: '463c740586db607b7f433976130b7c64') in 0.016007 seconds
Number of updated asset objects reloaded before import = 0Number of asset objects unloaded after import = 1

========================================================================
Received Import Request.
  Time since last request: 0.000029 seconds.
  path: Assets/Modelos/Soldados/source/Russian Soldier 1/russianwoodland_alpha_a_col.png
  artifactKey: Guid(9601d5577853b094280f533636b5dd7a) Importer(2089858483,b0f066a214c2f5e87bad3c948f4d605d)
Start importing Assets/Modelos/Soldados/source/Russian Soldier 1/russianwoodland_alpha_a_col.png using Guid(9601d5577853b094280f533636b5dd7a) Importer(2089858483,b0f066a214c2f5e87bad3c948f4d605d) (ScriptedImporter) -> (artifact id: '11be455a2eeddc850f91ab702ded2c6f') in 0.0182439 seconds
Number of updated asset objects reloaded before import = 0Number of asset objects unloaded after import = 1

========================================================================
Received Import Request.
  Time since last request: 0.000070 seconds.
  path: Assets/Modelos/Soldados/source/Russian Soldier 1/Generic_Item.mesh.ascii
  artifactKey: Guid(024f378ce75f88849acf87899f603cef) Importer(2089858483,b0f066a214c2f5e87bad3c948f4d605d)
Start importing Assets/Modelos/Soldados/source/Russian Soldier 1/Generic_Item.mesh.ascii using Guid(024f378ce75f88849acf87899f603cef) Importer(2089858483,b0f066a214c2f5e87bad3c948f4d605d) (ScriptedImporter) -> (artifact id: '5663310b217bc1ffc0d3719c8d4b50c0') in 0.0072396 seconds
Number of updated asset objects reloaded before import = 0Number of asset objects unloaded after import = 1

========================================================================
Received Import Request.
  Time since last request: 0.000132 seconds.
  path: Assets/Modelos/Soldados/source/Russian Soldier 2/6Sh92_digi.png
  artifactKey: Guid(7a9cf2c836195c8408eb6dca069c4af8) Importer(2089858483,b0f066a214c2f5e87bad3c948f4d605d)
Start importing Assets/Modelos/Soldados/source/Russian Soldier 2/6Sh92_digi.png using Guid(7a9cf2c836195c8408eb6dca069c4af8) Importer(2089858483,b0f066a214c2f5e87bad3c948f4d605d) (ScriptedImporter) -> (artifact id: 'acf8c8699c5dcabc97a4c6332d8ea42e') in 0.0152877 seconds
Number of updated asset objects reloaded before import = 0Number of asset objects unloaded after import = 1

========================================================================
Received Import Request.
  Time since last request: 0.000050 seconds.
  path: Assets/Modelos/Soldados/source/Russian Soldier 1/rsa_05_d.png
  artifactKey: Guid(690b64cda4b488544800ef74234004f4) Importer(2089858483,b0f066a214c2f5e87bad3c948f4d605d)
Start importing Assets/Modelos/Soldados/source/Russian Soldier 1/rsa_05_d.png using Guid(690b64cda4b488544800ef74234004f4) Importer(2089858483,b0f066a214c2f5e87bad3c948f4d605d) (ScriptedImporter) -> (artifact id: 'd5998595344796530f851d31a939b5bf') in 0.0156463 seconds
Number of updated asset objects reloaded before import = 0Number of asset objects unloaded after import = 1

========================================================================
Received Import Request.
  Time since last request: 0.000036 seconds.
  path: Assets/Modelos/Soldados/source/Russian Soldier 2/rusboots.png
  artifactKey: Guid(55ae3bb1b1360e04781455bd55e56908) Importer(2089858483,b0f066a214c2f5e87bad3c948f4d605d)
Start importing Assets/Modelos/Soldados/source/Russian Soldier 2/rusboots.png using Guid(55ae3bb1b1360e04781455bd55e56908) Importer(2089858483,b0f066a214c2f5e87bad3c948f4d605d) (ScriptedImporter) -> (artifact id: 'b0f1fe300261e233bf51f6ab12530260') in 0.0146151 seconds
Number of updated asset objects reloaded before import = 0Number of asset objects unloaded after import = 1

========================================================================
Received Import Request.
  Time since last request: 0.000130 seconds.
  path: Assets/Modelos/Soldados/source/Russian Soldier 1/6b23_digi.png
  artifactKey: Guid(1d013f5a9a7f7384498fbb0d7f7a2a07) Importer(2089858483,b0f066a214c2f5e87bad3c948f4d605d)
Start importing Assets/Modelos/Soldados/source/Russian Soldier 1/6b23_digi.png using Guid(1d013f5a9a7f7384498fbb0d7f7a2a07) Importer(2089858483,b0f066a214c2f5e87bad3c948f4d605d) (ScriptedImporter) -> (artifact id: '5766145a5f474fcf227edfdfab70cde5') in 0.0153874 seconds
Number of updated asset objects reloaded before import = 0Number of asset objects unloaded after import = 1

========================================================================
Received Import Request.
  Time since last request: 0.000118 seconds.
  path: Assets/Modelos/Soldados/source/Russian Soldier 2/Preview.jpg
  artifactKey: Guid(18d47fcd5d7d40f4ab024f7e704ab91b) Importer(2089858483,b0f066a214c2f5e87bad3c948f4d605d)
Start importing Assets/Modelos/Soldados/source/Russian Soldier 2/Preview.jpg using Guid(18d47fcd5d7d40f4ab024f7e704ab91b) Importer(2089858483,b0f066a214c2f5e87bad3c948f4d605d) (ScriptedImporter) -> (artifact id: '72af13234c3725c06ff128a37119a972') in 0.0163129 seconds
Number of updated asset objects reloaded before import = 0Number of asset objects unloaded after import = 1

========================================================================
Received Import Request.
  Time since last request: 0.000097 seconds.
  path: Assets/Modelos/Soldados/source/Russian Soldier 1/ruskygear2.png
  artifactKey: Guid(f1ca161c01d20ab44bcd6413aab4af1e) Importer(2089858483,b0f066a214c2f5e87bad3c948f4d605d)
Start importing Assets/Modelos/Soldados/source/Russian Soldier 1/ruskygear2.png using Guid(f1ca161c01d20ab44bcd6413aab4af1e) Importer(2089858483,b0f066a214c2f5e87bad3c948f4d605d) (ScriptedImporter) -> (artifact id: 'be6034b9048c2f5759828cb7d831e534') in 0.017794 seconds
Number of updated asset objects reloaded before import = 0Number of asset objects unloaded after import = 1

========================================================================
Received Import Request.
  Time since last request: 0.000104 seconds.
  path: Assets/Modelos/Soldados/source/Preview.jpg
  artifactKey: Guid(71c9559275a1cb8468249ba98d26140c) Importer(2089858483,b0f066a214c2f5e87bad3c948f4d605d)
Start importing Assets/Modelos/Soldados/source/Preview.jpg using Guid(71c9559275a1cb8468249ba98d26140c) Importer(2089858483,b0f066a214c2f5e87bad3c948f4d605d) (ScriptedImporter) -> (artifact id: 'aca256ad28fde69f2cf4c39bcbaa8520') in 0.0133489 seconds
Number of updated asset objects reloaded before import = 0Number of asset objects unloaded after import = 1

========================================================================
Received Import Request.
  Time since last request: 0.000114 seconds.
  path: Assets/Modelos/Soldados/source/Russian Soldier 1/6Sh92_digi.png
  artifactKey: Guid(0b59c7f7c2eacf940b61a4f65c9a264f) Importer(2089858483,b0f066a214c2f5e87bad3c948f4d605d)
Start importing Assets/Modelos/Soldados/source/Russian Soldier 1/6Sh92_digi.png using Guid(0b59c7f7c2eacf940b61a4f65c9a264f) Importer(2089858483,b0f066a214c2f5e87bad3c948f4d605d) (ScriptedImporter) -> (artifact id: '25313104d670994ea3cacd826970f935') in 0.0133589 seconds
Number of updated asset objects reloaded before import = 0Number of asset objects unloaded after import = 1

========================================================================
Received Import Request.
  Time since last request: 0.000107 seconds.
  path: Assets/Modelos/Soldados/source/Russian Soldier 1
  artifactKey: Guid(0d93c7d970eab2a45b5a41c3d10e5659) Importer(2089858483,b0f066a214c2f5e87bad3c948f4d605d)
Start importing Assets/Modelos/Soldados/source/Russian Soldier 1 using Guid(0d93c7d970eab2a45b5a41c3d10e5659) Importer(2089858483,b0f066a214c2f5e87bad3c948f4d605d) (ScriptedImporter) -> (artifact id: '49d4cfb8780e5746e485f38b02aa9864') in 0.0113906 seconds
Number of updated asset objects reloaded before import = 0Number of asset objects unloaded after import = 1

========================================================================
Received Import Request.
  Time since last request: 0.000084 seconds.
  path: Assets/Modelos/Soldados/source/Russian Soldier 2/russianwoodland_alpha_a_col.png
  artifactKey: Guid(e27596566596f1c428208a7dffc185d4) Importer(2089858483,b0f066a214c2f5e87bad3c948f4d605d)
Start importing Assets/Modelos/Soldados/source/Russian Soldier 2/russianwoodland_alpha_a_col.png using Guid(e27596566596f1c428208a7dffc185d4) Importer(2089858483,b0f066a214c2f5e87bad3c948f4d605d) (ScriptedImporter) -> (artifact id: '8fbae5c30f45b468b436f28bf35ff02a') in 0.0160385 seconds
Number of updated asset objects reloaded before import = 0Number of asset objects unloaded after import = 1

========================================================================
Received Import Request.
  Time since last request: 0.000051 seconds.
  path: Assets/Modelos/Soldados/source/Russian Soldier 1/mask.png
  artifactKey: Guid(e94d81b475387b845a063202ed2996c0) Importer(2089858483,b0f066a214c2f5e87bad3c948f4d605d)
Start importing Assets/Modelos/Soldados/source/Russian Soldier 1/mask.png using Guid(e94d81b475387b845a063202ed2996c0) Importer(2089858483,b0f066a214c2f5e87bad3c948f4d605d) (ScriptedImporter) -> (artifact id: '51fdabaf650558b21c7da882d5e898a7') in 0.0144078 seconds
Number of updated asset objects reloaded before import = 0Number of asset objects unloaded after import = 1

========================================================================
Received Import Request.
  Time since last request: 0.000209 seconds.
  path: Assets/Modelos/Soldados/source/Russian Soldier 1/rusboots.png
  artifactKey: Guid(48092894ade37004d9fb4e4bab681888) Importer(2089858483,b0f066a214c2f5e87bad3c948f4d605d)
Start importing Assets/Modelos/Soldados/source/Russian Soldier 1/rusboots.png using Guid(48092894ade37004d9fb4e4bab681888) Importer(2089858483,b0f066a214c2f5e87bad3c948f4d605d) (ScriptedImporter) -> (artifact id: '377236e178c9268e51cc1cb570f4cff7') in 0.0140666 seconds
Number of updated asset objects reloaded before import = 0Number of asset objects unloaded after import = 1

========================================================================
Received Import Request.
  Time since last request: 26.603985 seconds.
  path: Assets/Modelos/Soldados/textures/6b23_digi.png
  artifactKey: Guid(5c6b517d968f5a040815bc77b538afb0) Importer(815301076,1909f56bfc062723c751e8b465ee728b)
Start importing Assets/Modelos/Soldados/textures/6b23_digi.png using Guid(5c6b517d968f5a040815bc77b538afb0) Importer(815301076,1909f56bfc062723c751e8b465ee728b) (PreviewImporter) -> (artifact id: '3c4249ec1dd77d46d2c47ffd7b0663ff') in 0.0099658 seconds
Number of updated asset objects reloaded before import = 0Number of asset objects unloaded after import = 2

========================================================================
Received Import Request.
  Time since last request: 0.000017 seconds.
  path: Assets/Modelos/Soldados/textures/rusjacket_digi.png
  artifactKey: Guid(0b8a0c53216e12f4a8a49028e6f198ec) Importer(815301076,1909f56bfc062723c751e8b465ee728b)
Start importing Assets/Modelos/Soldados/textures/rusjacket_digi.png using Guid(0b8a0c53216e12f4a8a49028e6f198ec) Importer(815301076,1909f56bfc062723c751e8b465ee728b) (PreviewImporter) -> (artifact id: '1e40608197c9cfa1a43809772f106394') in 0.0186005 seconds
Number of updated asset objects reloaded before import = 0Number of asset objects unloaded after import = 2

========================================================================
Received Import Request.
  Time since last request: 0.000020 seconds.
  path: Assets/Modelos/Soldados/textures/google.png
  artifactKey: Guid(f203e4b53eb7925409f6f991f652aba0) Importer(815301076,1909f56bfc062723c751e8b465ee728b)
Start importing Assets/Modelos/Soldados/textures/google.png using Guid(f203e4b53eb7925409f6f991f652aba0) Importer(815301076,1909f56bfc062723c751e8b465ee728b) (PreviewImporter) -> (artifact id: 'eea233a5892ab71e840728e3312e2970') in 0.0180266 seconds
Number of updated asset objects reloaded before import = 0Number of asset objects unloaded after import = 2

========================================================================
Received Import Request.
  Time since last request: 0.000023 seconds.
  path: Assets/Modelos/Soldados/textures/rus_head_1.png
  artifactKey: Guid(e977672997692ab4b9f8bac3a60829ff) Importer(815301076,1909f56bfc062723c751e8b465ee728b)
Start importing Assets/Modelos/Soldados/textures/rus_head_1.png using Guid(e977672997692ab4b9f8bac3a60829ff) Importer(815301076,1909f56bfc062723c751e8b465ee728b) (PreviewImporter) -> (artifact id: 'b61f6cc836c8c4e1628bffd4056e446f') in 0.0236122 seconds
Number of updated asset objects reloaded before import = 0Number of asset objects unloaded after import = 2

========================================================================
Received Import Request.
  Time since last request: 0.000029 seconds.
  path: Assets/Modelos/Soldados/textures/mask.png
  artifactKey: Guid(1bf351acfb3f3e64792f2923df85d935) Importer(815301076,1909f56bfc062723c751e8b465ee728b)
Start importing Assets/Modelos/Soldados/textures/mask.png using Guid(1bf351acfb3f3e64792f2923df85d935) Importer(815301076,1909f56bfc062723c751e8b465ee728b) (PreviewImporter) -> (artifact id: '95182825ed31b3665be3c1aad139d3bd') in 0.0228283 seconds
Number of updated asset objects reloaded before import = 0Number of asset objects unloaded after import = 2

========================================================================
Received Import Request.
  Time since last request: 0.000026 seconds.
  path: Assets/Modelos/Soldados/textures/rusboots.png
  artifactKey: Guid(26f5b6ee51aa9444f9024f01573f6a10) Importer(815301076,1909f56bfc062723c751e8b465ee728b)
Start importing Assets/Modelos/Soldados/textures/rusboots.png using Guid(26f5b6ee51aa9444f9024f01573f6a10) Importer(815301076,1909f56bfc062723c751e8b465ee728b) (PreviewImporter) -> (artifact id: 'bb5c6b0fc33110972fe63f1ac7a33f8b') in 0.0333134 seconds
Number of updated asset objects reloaded before import = 0Number of asset objects unloaded after import = 2

========================================================================
Received Import Request.
  Time since last request: 4.857005 seconds.
  path: Assets/Modelos/Soldados/source/Russian Soldier 1
  artifactKey: Guid(0d93c7d970eab2a45b5a41c3d10e5659) Importer(815301076,1909f56bfc062723c751e8b465ee728b)
Start importing Assets/Modelos/Soldados/source/Russian Soldier 1 using Guid(0d93c7d970eab2a45b5a41c3d10e5659) Importer(815301076,1909f56bfc062723c751e8b465ee728b) (PreviewImporter) -> (artifact id: 'a38fdbc7a10e2eb869156c306e1b9a77') in 0.0008009 seconds
Number of updated asset objects reloaded before import = 0Number of asset objects unloaded after import = 0

========================================================================
Received Import Request.
  Time since last request: 0.795328 seconds.
  path: Assets/Modelos/Soldados/source/Russian Soldier 2
  artifactKey: Guid(07c7beefa15803544abdbec161248d2f) Importer(815301076,1909f56bfc062723c751e8b465ee728b)
Start importing Assets/Modelos/Soldados/source/Russian Soldier 2 using Guid(07c7beefa15803544abdbec161248d2f) Importer(815301076,1909f56bfc062723c751e8b465ee728b) (PreviewImporter) -> (artifact id: '0415571c81baa235dd3ca8c710518ab6') in 0.0006947 seconds
Number of updated asset objects reloaded before import = 0Number of asset objects unloaded after import = 0

========================================================================
Received Import Request.
  Time since last request: 0.368417 seconds.
  path: Assets/Modelos/Soldados/source/Russian Soldier 1/6b23_digi.png
  artifactKey: Guid(1d013f5a9a7f7384498fbb0d7f7a2a07) Importer(815301076,1909f56bfc062723c751e8b465ee728b)
Start importing Assets/Modelos/Soldados/source/Russian Soldier 1/6b23_digi.png using Guid(1d013f5a9a7f7384498fbb0d7f7a2a07) Importer(815301076,1909f56bfc062723c751e8b465ee728b) (PreviewImporter) -> (artifact id: '6c8fab58d9c73d26c59253d84b1eab67') in 0.0141736 seconds
Number of updated asset objects reloaded before import = 0Number of asset objects unloaded after import = 2

========================================================================
Received Import Request.
  Time since last request: 0.000120 seconds.
  path: Assets/Modelos/Soldados/source/Russian Soldier 1/rusboots.png
  artifactKey: Guid(48092894ade37004d9fb4e4bab681888) Importer(815301076,1909f56bfc062723c751e8b465ee728b)
Start importing Assets/Modelos/Soldados/source/Russian Soldier 1/rusboots.png using Guid(48092894ade37004d9fb4e4bab681888) Importer(815301076,1909f56bfc062723c751e8b465ee728b) (PreviewImporter) -> (artifact id: 'c925a9a80ca618ebc4d8b161ae255418') in 0.0127524 seconds
Number of updated asset objects reloaded before import = 0Number of asset objects unloaded after import = 2

========================================================================
Received Import Request.
  Time since last request: 0.000017 seconds.
  path: Assets/Modelos/Soldados/source/Russian Soldier 1/russianwoodland_alpha_a_col.png
  artifactKey: Guid(9601d5577853b094280f533636b5dd7a) Importer(815301076,1909f56bfc062723c751e8b465ee728b)
Start importing Assets/Modelos/Soldados/source/Russian Soldier 1/russianwoodland_alpha_a_col.png using Guid(9601d5577853b094280f533636b5dd7a) Importer(815301076,1909f56bfc062723c751e8b465ee728b) (PreviewImporter) -> (artifact id: '7326ec5ffc5df1bd2b0b1e88ad31d68c') in 0.0099258 seconds
Number of updated asset objects reloaded before import = 0Number of asset objects unloaded after import = 2

========================================================================
Received Import Request.
  Time since last request: 0.000022 seconds.
  path: Assets/Modelos/Soldados/source/Russian Soldier 1/ruskygear2.png
  artifactKey: Guid(f1ca161c01d20ab44bcd6413aab4af1e) Importer(815301076,1909f56bfc062723c751e8b465ee728b)
Start importing Assets/Modelos/Soldados/source/Russian Soldier 1/ruskygear2.png using Guid(f1ca161c01d20ab44bcd6413aab4af1e) Importer(815301076,1909f56bfc062723c751e8b465ee728b) (PreviewImporter) -> (artifact id: 'dd7281f73fe6f39aec3886ad3ca6f23f') in 0.029463 seconds
Number of updated asset objects reloaded before import = 0Number of asset objects unloaded after import = 2

========================================================================
Received Prepare
Begin MonoManager ReloadAssembly
[Licensing::Client] Successfully resolved entitlement details
- Loaded All Assemblies, in  1.457 seconds
Refreshing native plugins compatible for Editor in 2.48 ms, found 3 plugins.
Native extension for WindowsStandalone target not found
[Package Manager] Failed to launch server process. Reason: Unity was launched with the -noUpm command-line argument
[Package Manager] Unable to send message (not connected to server process).
[Package Manager] Cannot connect to Unity Package Manager local server
ScheduleIndexationOnStartup MainProcess:False IndexOnStartup:True
Mono: successfully reloaded assembly
- Finished resetting the current domain, in  1.034 seconds
Domain Reload Profiling: 2486ms
	BeginReloadAssembly (701ms)
		ExecutionOrderSort (0ms)
		DisableScriptedObjects (27ms)
		BackupInstance (0ms)
		ReleaseScriptingObjects (1ms)
		CreateAndSetChildDomain (331ms)
	RebuildCommonClasses (48ms)
	RebuildNativeTypeToScriptingClass (14ms)
	initialDomainReloadingComplete (44ms)
	LoadAllAssembliesAndSetupDomain (644ms)
		LoadAssemblies (618ms)
		RebuildTransferFunctionScriptingTraits (0ms)
		AnalyzeDomain (215ms)
			TypeCache.Refresh (14ms)
				TypeCache.ScanAssembly (0ms)
			BuildScriptInfoCaches (191ms)
			ResolveRequiredComponents (4ms)
	FinalizeReload (1035ms)
		ReleaseScriptCaches (0ms)
		RebuildScriptCaches (0ms)
		SetupLoadedEditorAssemblies (861ms)
			LogAssemblyErrors (0ms)
			InitializePlatformSupportModulesInManaged (3ms)
			SetLoadedEditorAssemblies (6ms)
			BeforeProcessingInitializeOnLoad (185ms)
			ProcessInitializeOnLoadAttributes (601ms)
			ProcessInitializeOnLoadMethodAttributes (50ms)
			AfterProcessingInitializeOnLoad (16ms)
			EditorAssembliesLoaded (0ms)
		ExecutionOrderSort2 (0ms)
		AwakeInstancesAfterBackupRestoration (11ms)
Refreshing native plugins compatible for Editor in 1.70 ms, found 3 plugins.
Preloading 0 native plugins for Editor in 0.00 ms.
Unloading 0 Unused Serialized files (Serialized files now loaded: 0)
Unloading 3895 unused Assets / (0.8 MB). Loaded Objects now: 4534.
Memory consumption went from 102.7 MB to 101.9 MB.
Total: 8.851800 ms (FindLiveObjects: 0.624800 ms CreateObjectMapping: 0.253300 ms MarkObjects: 6.981600 ms  DeleteObjects: 0.990400 ms)

Prepare: number of updated asset objects reloaded= 0
Editor requested this worker to shutdown with reason: Scaling down because of idle timeout
AssetImportWorker is now disconnected from the server
Process exiting
Exiting without the bug reporter. Application will terminate with return code 0